{"/home/kamal-seriki/Desktop/projects/backend/event-ticket-booking/src/data-source.ts": {"path":"/home/kamal-seriki/Desktop/projects/backend/event-ticket-booking/src/data-source.ts","statementMap":{"0":{"start":{"line":1,"column":0},"end":{"line":1,"column":26}},"1":{"start":{"line":2,"column":0},"end":{"line":2,"column":37}},"2":{"start":{"line":3,"column":0},"end":{"line":3,"column":25}},"3":{"start":{"line":6,"column":13},"end":{"line":22,"column":3}},"4":{"start":{"line":24,"column":0},"end":{"line":24,"column":29}}},"fnMap":{},"branchMap":{},"s":{"0":1,"1":1,"2":1,"3":1,"4":1},"f":{},"b":{}}
,"/home/kamal-seriki/Desktop/projects/backend/event-ticket-booking/src/index.ts": {"path":"/home/kamal-seriki/Desktop/projects/backend/event-ticket-booking/src/index.ts","statementMap":{"0":{"start":{"line":2,"column":0},"end":{"line":2,"column":26}},"1":{"start":{"line":5,"column":0},"end":{"line":5,"column":20}},"2":{"start":{"line":6,"column":0},"end":{"line":6,"column":24}},"3":{"start":{"line":7,"column":0},"end":{"line":7,"column":26}},"4":{"start":{"line":10,"column":0},"end":{"line":10,"column":67}},"5":{"start":{"line":11,"column":0},"end":{"line":11,"column":24}},"6":{"start":{"line":12,"column":0},"end":{"line":12,"column":43}},"7":{"start":{"line":15,"column":0},"end":{"line":15,"column":51}},"8":{"start":{"line":16,"column":0},"end":{"line":16,"column":47}},"9":{"start":{"line":17,"column":0},"end":{"line":17,"column":37}},"10":{"start":{"line":18,"column":0},"end":{"line":18,"column":37}},"11":{"start":{"line":21,"column":0},"end":{"line":21,"column":64}},"12":{"start":{"line":24,"column":0},"end":{"line":24,"column":63}},"13":{"start":{"line":25,"column":0},"end":{"line":25,"column":57}},"14":{"start":{"line":28,"column":0},"end":{"line":28,"column":45}},"15":{"start":{"line":29,"column":0},"end":{"line":29,"column":47}},"16":{"start":{"line":30,"column":0},"end":{"line":30,"column":51}},"17":{"start":{"line":31,"column":0},"end":{"line":31,"column":43}},"18":{"start":{"line":32,"column":0},"end":{"line":32,"column":51}},"19":{"start":{"line":37,"column":19},"end":{"line":40,"column":2}},"20":{"start":{"line":41,"column":12},"end":{"line":41,"column":21}},"21":{"start":{"line":42,"column":15},"end":{"line":42,"column":37}},"22":{"start":{"line":43,"column":20},"end":{"line":43,"column":55}},"23":{"start":{"line":47,"column":11},"end":{"line":47,"column":21}},"24":{"start":{"line":48,"column":23},"end":{"line":48,"column":113}},"25":{"start":{"line":61,"column":0},"end":{"line":61,"column":null}},"26":{"start":{"line":62,"column":0},"end":{"line":62,"column":24}},"27":{"start":{"line":63,"column":0},"end":{"line":63,"column":22}},"28":{"start":{"line":68,"column":0},"end":{"line":71,"column":3}},"29":{"start":{"line":69,"column":2},"end":{"line":69,"column":52}},"30":{"start":{"line":70,"column":2},"end":{"line":70,"column":26}},"31":{"start":{"line":72,"column":0},"end":{"line":72,"column":70}},"32":{"start":{"line":75,"column":0},"end":{"line":75,"column":31}},"33":{"start":{"line":78,"column":0},"end":{"line":84,"column":3}},"34":{"start":{"line":79,"column":25},"end":{"line":79,"column":57}},"35":{"start":{"line":80,"column":2},"end":{"line":82,"column":3}},"36":{"start":{"line":80,"column":37},"end":{"line":80,"column":63}},"37":{"start":{"line":81,"column":4},"end":{"line":81,"column":18}},"38":{"start":{"line":83,"column":2},"end":{"line":83,"column":39}},"39":{"start":{"line":86,"column":16},"end":{"line":90,"column":2}},"40":{"start":{"line":93,"column":0},"end":{"line":93,"column":25}},"41":{"start":{"line":94,"column":0},"end":{"line":94,"column":26}},"42":{"start":{"line":95,"column":0},"end":{"line":95,"column":37}},"43":{"start":{"line":96,"column":0},"end":{"line":96,"column":28}},"44":{"start":{"line":100,"column":21},"end":{"line":100,"column":77}},"45":{"start":{"line":101,"column":27},"end":{"line":103,"column":8}},"46":{"start":{"line":105,"column":20},"end":{"line":105,"column":64}},"47":{"start":{"line":107,"column":0},"end":{"line":110,"column":1}},"48":{"start":{"line":108,"column":2},"end":{"line":108,"column":61}},"49":{"start":{"line":109,"column":2},"end":{"line":109,"column":22}},"50":{"start":{"line":112,"column":0},"end":{"line":112,"column":null}}},"fnMap":{"0":{"name":"(anonymous_1)","decl":{"start":{"line":68,"column":26},"end":{"line":68,"column":27}},"loc":{"start":{"line":68,"column":39},"end":{"line":71,"column":1}}},"1":{"name":"(anonymous_2)","decl":{"start":{"line":78,"column":8},"end":{"line":78,"column":9}},"loc":{"start":{"line":78,"column":60},"end":{"line":84,"column":1}}},"2":{"name":"(anonymous_3)","decl":{"start":{"line":80,"column":26},"end":{"line":80,"column":27}},"loc":{"start":{"line":80,"column":37},"end":{"line":80,"column":63}}}},"branchMap":{"0":{"loc":{"start":{"line":80,"column":2},"end":{"line":82,"column":3}},"type":"if","locations":[{"start":{"line":80,"column":2},"end":{"line":82,"column":3}}]},"1":{"loc":{"start":{"line":100,"column":21},"end":{"line":100,"column":77}},"type":"cond-expr","locations":[{"start":{"line":100,"column":40},"end":{"line":100,"column":70}},{"start":{"line":100,"column":73},"end":{"line":100,"column":77}}]},"2":{"loc":{"start":{"line":101,"column":27},"end":{"line":103,"column":8}},"type":"cond-expr","locations":[{"start":{"line":102,"column":4},"end":{"line":102,"column":40}},{"start":{"line":103,"column":4},"end":{"line":103,"column":8}}]},"3":{"loc":{"start":{"line":105,"column":20},"end":{"line":105,"column":64}},"type":"cond-expr","locations":[{"start":{"line":105,"column":41},"end":{"line":105,"column":59}},{"start":{"line":105,"column":62},"end":{"line":105,"column":64}}]},"4":{"loc":{"start":{"line":107,"column":0},"end":{"line":110,"column":1}},"type":"if","locations":[{"start":{"line":107,"column":0},"end":{"line":110,"column":1}}]}},"s":{"0":1,"1":1,"2":1,"3":1,"4":1,"5":1,"6":1,"7":1,"8":1,"9":1,"10":1,"11":1,"12":1,"13":1,"14":1,"15":1,"16":1,"17":1,"18":1,"19":1,"20":1,"21":1,"22":1,"23":1,"24":1,"25":1,"26":1,"27":1,"28":1,"29":0,"30":0,"31":1,"32":1,"33":1,"34":3,"35":3,"36":6,"37":0,"38":3,"39":1,"40":1,"41":1,"42":1,"43":1,"44":1,"45":1,"46":1,"47":1,"48":0,"49":0,"50":1},"f":{"0":0,"1":3,"2":6},"b":{"0":[0],"1":[1,0],"2":[1,0],"3":[0,1],"4":[0]}}
,"/home/kamal-seriki/Desktop/projects/backend/event-ticket-booking/src/config/Database.ts": {"path":"/home/kamal-seriki/Desktop/projects/backend/event-ticket-booking/src/config/Database.ts","statementMap":{"0":{"start":{"line":2,"column":0},"end":{"line":2,"column":47}},"1":{"start":{"line":4,"column":23},"end":{"line":34,"column":1}},"2":{"start":{"line":11,"column":2},"end":{"line":33,"column":6}},"3":{"start":{"line":13,"column":6},"end":{"line":13,"column":55}},"4":{"start":{"line":16,"column":72},"end":{"line":18,"column":8}},"5":{"start":{"line":17,"column":8},"end":{"line":17,"column":83}},"6":{"start":{"line":24,"column":46},"end":{"line":28,"column":null}},"7":{"start":{"line":25,"column":10},"end":{"line":27,"column":12}},"8":{"start":{"line":32,"column":6},"end":{"line":32,"column":67}},"9":{"start":{"line":35,"column":0},"end":{"line":35,"column":30}},"10":{"start":{"line":38,"column":34},"end":{"line":47,"column":2}},"11":{"start":{"line":38,"column":60},"end":{"line":47,"column":2}},"12":{"start":{"line":39,"column":2},"end":{"line":46,"column":3}},"13":{"start":{"line":40,"column":4},"end":{"line":45,"column":5}},"14":{"start":{"line":41,"column":6},"end":{"line":41,"column":36}},"15":{"start":{"line":42,"column":6},"end":{"line":42,"column":56}},"16":{"start":{"line":44,"column":6},"end":{"line":44,"column":66}},"17":{"start":{"line":38,"column":13},"end":{"line":38,"column":34}}},"fnMap":{"0":{"name":"(anonymous_7)","decl":{"start":{"line":4,"column":23},"end":{"line":4,"column":null}},"loc":{"start":{"line":10,"column":4},"end":{"line":34,"column":1}}},"1":{"name":"(anonymous_8)","decl":{"start":{"line":12,"column":10},"end":{"line":12,"column":13}},"loc":{"start":{"line":12,"column":15},"end":{"line":14,"column":5}}},"2":{"name":"(anonymous_9)","decl":{"start":{"line":16,"column":34},"end":{"line":16,"column":41}},"loc":{"start":{"line":16,"column":72},"end":{"line":18,"column":8}}},"3":{"name":"(anonymous_10)","decl":{"start":{"line":16,"column":72},"end":{"line":16,"column":null}},"loc":{"start":{"line":16,"column":72},"end":{"line":18,"column":7}}},"4":{"name":"(anonymous_11)","decl":{"start":{"line":24,"column":8},"end":{"line":24,"column":15}},"loc":{"start":{"line":24,"column":46},"end":{"line":28,"column":null}}},"5":{"name":"(anonymous_12)","decl":{"start":{"line":24,"column":46},"end":{"line":24,"column":null}},"loc":{"start":{"line":24,"column":46},"end":{"line":28,"column":9}}},"6":{"name":"(anonymous_13)","decl":{"start":{"line":31,"column":11},"end":{"line":31,"column":12}},"loc":{"start":{"line":32,"column":6},"end":{"line":32,"column":67}}},"7":{"name":"(anonymous_14)","decl":{"start":{"line":38,"column":34},"end":{"line":38,"column":58}},"loc":{"start":{"line":38,"column":60},"end":{"line":47,"column":2}}},"8":{"name":"(anonymous_15)","decl":{"start":{"line":38,"column":60},"end":{"line":38,"column":null}},"loc":{"start":{"line":38,"column":60},"end":{"line":47,"column":1}}}},"branchMap":{"0":{"loc":{"start":{"line":39,"column":2},"end":{"line":46,"column":3}},"type":"if","locations":[{"start":{"line":39,"column":2},"end":{"line":46,"column":3}}]}},"s":{"0":1,"1":1,"2":0,"3":0,"4":0,"5":0,"6":0,"7":0,"8":0,"9":1,"10":1,"11":0,"12":0,"13":0,"14":0,"15":0,"16":0,"17":1},"f":{"0":0,"1":0,"2":0,"3":0,"4":0,"5":0,"6":0,"7":0,"8":0},"b":{"0":[0]}}
,"/home/kamal-seriki/Desktop/projects/backend/event-ticket-booking/src/config/Mailer.ts": {"path":"/home/kamal-seriki/Desktop/projects/backend/event-ticket-booking/src/config/Mailer.ts","statementMap":{"0":{"start":{"line":1,"column":0},"end":{"line":1,"column":36}},"1":{"start":{"line":2,"column":0},"end":{"line":2,"column":28}},"2":{"start":{"line":3,"column":0},"end":{"line":3,"column":20}},"3":{"start":{"line":4,"column":0},"end":{"line":4,"column":24}},"4":{"start":{"line":6,"column":0},"end":{"line":6,"column":36}},"5":{"start":{"line":8,"column":0},"end":{"line":8,"column":16}},"6":{"start":{"line":30,"column":22},"end":{"line":79,"column":2}},"7":{"start":{"line":37,"column":35},"end":{"line":79,"column":2}},"8":{"start":{"line":38,"column":22},"end":{"line":44,"column":4}},"9":{"start":{"line":49,"column":2},"end":{"line":62,"column":3}},"10":{"start":{"line":51,"column":25},"end":{"line":51,"column":84}},"11":{"start":{"line":52,"column":4},"end":{"line":52,"column":68}},"12":{"start":{"line":54,"column":4},"end":{"line":61,"column":5}},"13":{"start":{"line":55,"column":29},"end":{"line":55,"column":66}},"14":{"start":{"line":57,"column":31},"end":{"line":57,"column":65}},"15":{"start":{"line":58,"column":6},"end":{"line":58,"column":52}},"16":{"start":{"line":60,"column":6},"end":{"line":60,"column":90}},"17":{"start":{"line":64,"column":50},"end":{"line":71,"column":4}},"18":{"start":{"line":73,"column":2},"end":{"line":78,"column":3}},"19":{"start":{"line":74,"column":4},"end":{"line":74,"column":44}},"20":{"start":{"line":75,"column":4},"end":{"line":75,"column":42}},"21":{"start":{"line":77,"column":4},"end":{"line":77,"column":49}},"22":{"start":{"line":30,"column":13},"end":{"line":30,"column":22}},"23":{"start":{"line":81,"column":0},"end":{"line":81,"column":22}}},"fnMap":{"0":{"name":"(anonymous_8)","decl":{"start":{"line":30,"column":22},"end":{"line":30,"column":29}},"loc":{"start":{"line":37,"column":35},"end":{"line":79,"column":2}}},"1":{"name":"(anonymous_9)","decl":{"start":{"line":37,"column":35},"end":{"line":37,"column":null}},"loc":{"start":{"line":37,"column":16},"end":{"line":79,"column":1}}}},"branchMap":{"0":{"loc":{"start":{"line":35,"column":2},"end":{"line":35,"column":19}},"type":"default-arg","locations":[{"start":{"line":35,"column":17},"end":{"line":35,"column":19}}]},"1":{"loc":{"start":{"line":49,"column":2},"end":{"line":62,"column":3}},"type":"if","locations":[{"start":{"line":49,"column":2},"end":{"line":62,"column":3}}]},"2":{"loc":{"start":{"line":54,"column":4},"end":{"line":61,"column":5}},"type":"if","locations":[{"start":{"line":54,"column":4},"end":{"line":61,"column":5}},{"start":{"line":59,"column":11},"end":{"line":61,"column":5}}]},"3":{"loc":{"start":{"line":68,"column":10},"end":{"line":68,"column":39}},"type":"binary-expr","locations":[{"start":{"line":68,"column":10},"end":{"line":68,"column":14}},{"start":{"line":68,"column":18},"end":{"line":68,"column":39}}]},"4":{"loc":{"start":{"line":69,"column":10},"end":{"line":69,"column":35}},"type":"binary-expr","locations":[{"start":{"line":69,"column":10},"end":{"line":69,"column":22}},{"start":{"line":69,"column":26},"end":{"line":69,"column":35}}]}},"s":{"0":1,"1":1,"2":1,"3":1,"4":1,"5":1,"6":1,"7":0,"8":0,"9":0,"10":0,"11":0,"12":0,"13":0,"14":0,"15":0,"16":0,"17":0,"18":0,"19":0,"20":0,"21":0,"22":1,"23":1},"f":{"0":0,"1":0},"b":{"0":[0],"1":[0],"2":[0,0],"3":[0,0],"4":[0,0]}}
,"/home/kamal-seriki/Desktop/projects/backend/event-ticket-booking/src/config/Multer.ts": {"path":"/home/kamal-seriki/Desktop/projects/backend/event-ticket-booking/src/config/Multer.ts","statementMap":{"0":{"start":{"line":1,"column":0},"end":{"line":1,"column":40}},"1":{"start":{"line":2,"column":0},"end":{"line":2,"column":24}},"2":{"start":{"line":4,"column":21},"end":{"line":4,"column":31}},"3":{"start":{"line":6,"column":30},"end":{"line":6,"column":49}},"4":{"start":{"line":7,"column":31},"end":{"line":7,"column":55}},"5":{"start":{"line":8,"column":30},"end":{"line":8,"column":53}},"6":{"start":{"line":9,"column":32},"end":{"line":9,"column":51}},"7":{"start":{"line":10,"column":30},"end":{"line":10,"column":47}},"8":{"start":{"line":11,"column":29},"end":{"line":11,"column":48}},"9":{"start":{"line":12,"column":30},"end":{"line":12,"column":135}},"10":{"start":{"line":14,"column":22},"end":{"line":14,"column":80}},"11":{"start":{"line":15,"column":20},"end":{"line":15,"column":53}},"12":{"start":{"line":17,"column":0},"end":{"line":17,"column":44}},"13":{"start":{"line":20,"column":38},"end":{"line":36,"column":2}},"14":{"start":{"line":26,"column":4},"end":{"line":26,"column":26}},"15":{"start":{"line":34,"column":4},"end":{"line":34,"column":54}},"16":{"start":{"line":38,"column":23},"end":{"line":38,"column":51}},"17":{"start":{"line":42,"column":0},"end":{"line":42,"column":22}}},"fnMap":{"0":{"name":"(anonymous_1)","decl":{"start":{"line":21,"column":15},"end":{"line":21,"column":null}},"loc":{"start":{"line":24,"column":58},"end":{"line":28,"column":3}}},"1":{"name":"(anonymous_2)","decl":{"start":{"line":29,"column":12},"end":{"line":29,"column":null}},"loc":{"start":{"line":32,"column":55},"end":{"line":35,"column":3}}}},"branchMap":{},"s":{"0":1,"1":1,"2":1,"3":1,"4":1,"5":1,"6":1,"7":1,"8":1,"9":1,"10":1,"11":1,"12":1,"13":1,"14":0,"15":0,"16":1,"17":1},"f":{"0":0,"1":0},"b":{}}
,"/home/kamal-seriki/Desktop/projects/backend/event-ticket-booking/src/config/Socket.ts": {"path":"/home/kamal-seriki/Desktop/projects/backend/event-ticket-booking/src/config/Socket.ts","statementMap":{"0":{"start":{"line":1,"column":0},"end":{"line":1,"column":35}},"1":{"start":{"line":4,"column":0},"end":{"line":4,"column":64}},"2":{"start":{"line":6,"column":24},"end":{"line":6,"column":28}},"3":{"start":{"line":8,"column":18},"end":{"line":41,"column":1}},"4":{"start":{"line":9,"column":2},"end":{"line":38,"column":3}},"5":{"start":{"line":10,"column":4},"end":{"line":15,"column":7}},"6":{"start":{"line":18,"column":4},"end":{"line":35,"column":7}},"7":{"start":{"line":19,"column":6},"end":{"line":23,"column":9}},"8":{"start":{"line":21,"column":8},"end":{"line":21,"column":34}},"9":{"start":{"line":22,"column":8},"end":{"line":22,"column":72}},"10":{"start":{"line":25,"column":6},"end":{"line":30,"column":9}},"11":{"start":{"line":25,"column":56},"end":{"line":30,"column":8}},"12":{"start":{"line":26,"column":8},"end":{"line":26,"column":37}},"13":{"start":{"line":27,"column":8},"end":{"line":29,"column":10}},"14":{"start":{"line":32,"column":6},"end":{"line":34,"column":9}},"15":{"start":{"line":33,"column":8},"end":{"line":33,"column":54}},"16":{"start":{"line":37,"column":4},"end":{"line":37,"column":48}},"17":{"start":{"line":40,"column":2},"end":{"line":40,"column":12}},"18":{"start":{"line":8,"column":13},"end":{"line":8,"column":18}}},"fnMap":{"0":{"name":"(anonymous_8)","decl":{"start":{"line":8,"column":18},"end":{"line":8,"column":19}},"loc":{"start":{"line":8,"column":49},"end":{"line":41,"column":1}}},"1":{"name":"(anonymous_9)","decl":{"start":{"line":18,"column":24},"end":{"line":18,"column":25}},"loc":{"start":{"line":18,"column":35},"end":{"line":35,"column":5}}},"2":{"name":"(anonymous_10)","decl":{"start":{"line":19,"column":29},"end":{"line":19,"column":30}},"loc":{"start":{"line":19,"column":47},"end":{"line":23,"column":7}}},"3":{"name":"(anonymous_11)","decl":{"start":{"line":25,"column":32},"end":{"line":25,"column":39}},"loc":{"start":{"line":25,"column":56},"end":{"line":30,"column":8}}},"4":{"name":"(anonymous_12)","decl":{"start":{"line":25,"column":56},"end":{"line":25,"column":null}},"loc":{"start":{"line":25,"column":56},"end":{"line":30,"column":7}}},"5":{"name":"(anonymous_13)","decl":{"start":{"line":32,"column":30},"end":{"line":32,"column":33}},"loc":{"start":{"line":32,"column":35},"end":{"line":34,"column":7}}}},"branchMap":{"0":{"loc":{"start":{"line":9,"column":2},"end":{"line":38,"column":3}},"type":"if","locations":[{"start":{"line":9,"column":2},"end":{"line":38,"column":3}}]}},"s":{"0":1,"1":1,"2":1,"3":1,"4":1,"5":1,"6":1,"7":0,"8":0,"9":0,"10":0,"11":0,"12":0,"13":0,"14":0,"15":0,"16":1,"17":1,"18":1},"f":{"0":1,"1":0,"2":0,"3":0,"4":0,"5":0},"b":{"0":[1]}}
,"/home/kamal-seriki/Desktop/projects/backend/event-ticket-booking/src/config/SwaggerUiDocs.ts": {"path":"/home/kamal-seriki/Desktop/projects/backend/event-ticket-booking/src/config/SwaggerUiDocs.ts","statementMap":{"0":{"start":{"line":1,"column":0},"end":{"line":1,"column":54}},"1":{"start":{"line":2,"column":0},"end":{"line":2,"column":24}},"2":{"start":{"line":3,"column":0},"end":{"line":3,"column":28}},"3":{"start":{"line":6,"column":0},"end":{"line":6,"column":16}},"4":{"start":{"line":7,"column":12},"end":{"line":7,"column":27}},"5":{"start":{"line":10,"column":0},"end":{"line":28,"column":1}},"6":{"start":{"line":11,"column":2},"end":{"line":16,"column":null}},"7":{"start":{"line":18,"column":2},"end":{"line":27,"column":null}},"8":{"start":{"line":32,"column":22},"end":{"line":32,"column":66}},"9":{"start":{"line":36,"column":20},"end":{"line":36,"column":53}},"10":{"start":{"line":38,"column":0},"end":{"line":38,"column":52}},"11":{"start":{"line":39,"column":16},"end":{"line":71,"column":2}},"12":{"start":{"line":74,"column":22},"end":{"line":74,"column":43}},"13":{"start":{"line":75,"column":0},"end":{"line":75,"column":29}}},"fnMap":{},"branchMap":{"0":{"loc":{"start":{"line":10,"column":0},"end":{"line":28,"column":1}},"type":"if","locations":[{"start":{"line":10,"column":0},"end":{"line":28,"column":1}},{"start":{"line":17,"column":7},"end":{"line":28,"column":1}}]}},"s":{"0":1,"1":1,"2":1,"3":1,"4":1,"5":1,"6":0,"7":1,"8":1,"9":1,"10":1,"11":1,"12":1,"13":1},"f":{},"b":{"0":[0,1]}}
,"/home/kamal-seriki/Desktop/projects/backend/event-ticket-booking/src/config/logger.ts": {"path":"/home/kamal-seriki/Desktop/projects/backend/event-ticket-booking/src/config/logger.ts","statementMap":{"0":{"start":{"line":1,"column":0},"end":{"line":1,"column":30}},"1":{"start":{"line":4,"column":18},"end":{"line":6,"column":2}},"2":{"start":{"line":5,"column":2},"end":{"line":5,"column":47}},"3":{"start":{"line":9,"column":15},"end":{"line":29,"column":2}},"4":{"start":{"line":32,"column":0},"end":{"line":34,"column":1}},"5":{"start":{"line":33,"column":2},"end":{"line":33,"column":80}},"6":{"start":{"line":36,"column":0},"end":{"line":36,"column":22}}},"fnMap":{"0":{"name":"(anonymous_1)","decl":{"start":{"line":4,"column":40},"end":{"line":4,"column":41}},"loc":{"start":{"line":4,"column":74},"end":{"line":6,"column":1}}}},"branchMap":{"0":{"loc":{"start":{"line":32,"column":0},"end":{"line":34,"column":1}},"type":"if","locations":[{"start":{"line":32,"column":0},"end":{"line":34,"column":1}}]}},"s":{"0":1,"1":1,"2":3,"3":1,"4":1,"5":0,"6":1},"f":{"0":3},"b":{"0":[0]}}
,"/home/kamal-seriki/Desktop/projects/backend/event-ticket-booking/src/controller/bookingController.ts": {"path":"/home/kamal-seriki/Desktop/projects/backend/event-ticket-booking/src/controller/bookingController.ts","statementMap":{"0":{"start":{"line":2,"column":0},"end":{"line":2,"column":48}},"1":{"start":{"line":3,"column":0},"end":{"line":3,"column":71}},"2":{"start":{"line":6,"column":0},"end":{"line":6,"column":58}},"3":{"start":{"line":9,"column":4},"end":{"line":9,"column":45}},"4":{"start":{"line":13,"column":4},"end":{"line":22,"column":6}},"5":{"start":{"line":13,"column":55},"end":{"line":22,"column":6}},"6":{"start":{"line":14,"column":34},"end":{"line":14,"column":59}},"7":{"start":{"line":15,"column":8},"end":{"line":18,"column":9}},"8":{"start":{"line":16,"column":12},"end":{"line":16,"column":93}},"9":{"start":{"line":17,"column":12},"end":{"line":17,"column":19}},"10":{"start":{"line":19,"column":21},"end":{"line":19,"column":47}},"11":{"start":{"line":20,"column":25},"end":{"line":20,"column":85}},"12":{"start":{"line":21,"column":8},"end":{"line":21,"column":74}},"13":{"start":{"line":24,"column":4},"end":{"line":33,"column":6}},"14":{"start":{"line":24,"column":52},"end":{"line":33,"column":6}},"15":{"start":{"line":25,"column":34},"end":{"line":25,"column":59}},"16":{"start":{"line":26,"column":8},"end":{"line":29,"column":9}},"17":{"start":{"line":27,"column":12},"end":{"line":27,"column":93}},"18":{"start":{"line":28,"column":12},"end":{"line":28,"column":19}},"19":{"start":{"line":30,"column":23},"end":{"line":30,"column":33}},"20":{"start":{"line":31,"column":25},"end":{"line":31,"column":80}},"21":{"start":{"line":32,"column":8},"end":{"line":32,"column":69}},"22":{"start":{"line":35,"column":4},"end":{"line":43,"column":6}},"23":{"start":{"line":35,"column":56},"end":{"line":43,"column":6}},"24":{"start":{"line":36,"column":34},"end":{"line":36,"column":59}},"25":{"start":{"line":37,"column":8},"end":{"line":40,"column":9}},"26":{"start":{"line":38,"column":12},"end":{"line":38,"column":93}},"27":{"start":{"line":39,"column":12},"end":{"line":39,"column":19}},"28":{"start":{"line":41,"column":25},"end":{"line":41,"column":80}},"29":{"start":{"line":42,"column":8},"end":{"line":42,"column":69}},"30":{"start":{"line":45,"column":4},"end":{"line":55,"column":6}},"31":{"start":{"line":45,"column":85},"end":{"line":55,"column":6}},"32":{"start":{"line":46,"column":23},"end":{"line":46,"column":33}},"33":{"start":{"line":47,"column":34},"end":{"line":47,"column":59}},"34":{"start":{"line":48,"column":8},"end":{"line":51,"column":9}},"35":{"start":{"line":49,"column":12},"end":{"line":49,"column":93}},"36":{"start":{"line":50,"column":12},"end":{"line":50,"column":19}},"37":{"start":{"line":53,"column":25},"end":{"line":53,"column":83}},"38":{"start":{"line":54,"column":8},"end":{"line":54,"column":69}},"39":{"start":{"line":57,"column":4},"end":{"line":66,"column":null}},"40":{"start":{"line":57,"column":89},"end":{"line":66,"column":null}},"41":{"start":{"line":58,"column":34},"end":{"line":58,"column":59}},"42":{"start":{"line":59,"column":8},"end":{"line":62,"column":9}},"43":{"start":{"line":60,"column":12},"end":{"line":60,"column":93}},"44":{"start":{"line":61,"column":12},"end":{"line":61,"column":19}},"45":{"start":{"line":63,"column":29},"end":{"line":63,"column":39}},"46":{"start":{"line":64,"column":25},"end":{"line":64,"column":93}},"47":{"start":{"line":65,"column":8},"end":{"line":65,"column":69}},"48":{"start":{"line":8,"column":0},"end":{"line":8,"column":13}}},"fnMap":{"0":{"name":"(anonymous_7)","decl":{"start":{"line":11,"column":4},"end":{"line":11,"column":19}},"loc":{"start":{"line":11,"column":4},"end":{"line":11,"column":20}}},"1":{"name":"(anonymous_8)","decl":{"start":{"line":13,"column":36},"end":{"line":13,"column":43}},"loc":{"start":{"line":13,"column":55},"end":{"line":22,"column":6}}},"2":{"name":"(anonymous_9)","decl":{"start":{"line":13,"column":55},"end":{"line":13,"column":null}},"loc":{"start":{"line":13,"column":55},"end":{"line":22,"column":5}}},"3":{"name":"(anonymous_10)","decl":{"start":{"line":24,"column":33},"end":{"line":24,"column":40}},"loc":{"start":{"line":24,"column":52},"end":{"line":33,"column":6}}},"4":{"name":"(anonymous_11)","decl":{"start":{"line":24,"column":52},"end":{"line":24,"column":null}},"loc":{"start":{"line":24,"column":52},"end":{"line":33,"column":5}}},"5":{"name":"(anonymous_12)","decl":{"start":{"line":35,"column":37},"end":{"line":35,"column":44}},"loc":{"start":{"line":35,"column":56},"end":{"line":43,"column":6}}},"6":{"name":"(anonymous_13)","decl":{"start":{"line":35,"column":56},"end":{"line":35,"column":null}},"loc":{"start":{"line":35,"column":56},"end":{"line":43,"column":5}}},"7":{"name":"(anonymous_14)","decl":{"start":{"line":45,"column":36},"end":{"line":45,"column":43}},"loc":{"start":{"line":45,"column":85},"end":{"line":55,"column":6}}},"8":{"name":"(anonymous_15)","decl":{"start":{"line":45,"column":85},"end":{"line":45,"column":null}},"loc":{"start":{"line":45,"column":85},"end":{"line":55,"column":5}}},"9":{"name":"(anonymous_16)","decl":{"start":{"line":57,"column":40},"end":{"line":57,"column":47}},"loc":{"start":{"line":57,"column":89},"end":{"line":66,"column":null}}},"10":{"name":"(anonymous_17)","decl":{"start":{"line":57,"column":89},"end":{"line":57,"column":null}},"loc":{"start":{"line":57,"column":89},"end":{"line":66,"column":5}}}},"branchMap":{"0":{"loc":{"start":{"line":15,"column":8},"end":{"line":18,"column":9}},"type":"if","locations":[{"start":{"line":15,"column":8},"end":{"line":18,"column":9}}]},"1":{"loc":{"start":{"line":21,"column":19},"end":{"line":21,"column":57}},"type":"binary-expr","locations":[{"start":{"line":21,"column":19},"end":{"line":21,"column":34}},{"start":{"line":21,"column":38},"end":{"line":21,"column":57}}]},"2":{"loc":{"start":{"line":26,"column":8},"end":{"line":29,"column":9}},"type":"if","locations":[{"start":{"line":26,"column":8},"end":{"line":29,"column":9}}]},"3":{"loc":{"start":{"line":32,"column":19},"end":{"line":32,"column":52}},"type":"binary-expr","locations":[{"start":{"line":32,"column":19},"end":{"line":32,"column":34}},{"start":{"line":32,"column":38},"end":{"line":32,"column":52}}]},"4":{"loc":{"start":{"line":37,"column":8},"end":{"line":40,"column":9}},"type":"if","locations":[{"start":{"line":37,"column":8},"end":{"line":40,"column":9}}]},"5":{"loc":{"start":{"line":42,"column":19},"end":{"line":42,"column":52}},"type":"binary-expr","locations":[{"start":{"line":42,"column":19},"end":{"line":42,"column":34}},{"start":{"line":42,"column":38},"end":{"line":42,"column":52}}]},"6":{"loc":{"start":{"line":48,"column":8},"end":{"line":51,"column":9}},"type":"if","locations":[{"start":{"line":48,"column":8},"end":{"line":51,"column":9}}]},"7":{"loc":{"start":{"line":54,"column":19},"end":{"line":54,"column":52}},"type":"binary-expr","locations":[{"start":{"line":54,"column":19},"end":{"line":54,"column":34}},{"start":{"line":54,"column":38},"end":{"line":54,"column":52}}]},"8":{"loc":{"start":{"line":59,"column":8},"end":{"line":62,"column":9}},"type":"if","locations":[{"start":{"line":59,"column":8},"end":{"line":62,"column":9}}]},"9":{"loc":{"start":{"line":65,"column":19},"end":{"line":65,"column":52}},"type":"binary-expr","locations":[{"start":{"line":65,"column":19},"end":{"line":65,"column":34}},{"start":{"line":65,"column":38},"end":{"line":65,"column":52}}]}},"s":{"0":1,"1":1,"2":1,"3":1,"4":1,"5":0,"6":0,"7":0,"8":0,"9":0,"10":0,"11":0,"12":0,"13":1,"14":0,"15":0,"16":0,"17":0,"18":0,"19":0,"20":0,"21":0,"22":1,"23":0,"24":0,"25":0,"26":0,"27":0,"28":0,"29":0,"30":1,"31":0,"32":0,"33":0,"34":0,"35":0,"36":0,"37":0,"38":0,"39":1,"40":0,"41":0,"42":0,"43":0,"44":0,"45":0,"46":0,"47":0,"48":1},"f":{"0":1,"1":0,"2":0,"3":0,"4":0,"5":0,"6":0,"7":0,"8":0,"9":0,"10":0},"b":{"0":[0],"1":[0,0],"2":[0],"3":[0,0],"4":[0],"5":[0,0],"6":[0],"7":[0,0],"8":[0],"9":[0,0]}}
,"/home/kamal-seriki/Desktop/projects/backend/event-ticket-booking/src/controller/encryptionController.ts": {"path":"/home/kamal-seriki/Desktop/projects/backend/event-ticket-booking/src/controller/encryptionController.ts","statementMap":{"0":{"start":{"line":2,"column":0},"end":{"line":2,"column":33}},"1":{"start":{"line":3,"column":0},"end":{"line":3,"column":28}},"2":{"start":{"line":5,"column":0},"end":{"line":5,"column":16}},"3":{"start":{"line":7,"column":18},"end":{"line":7,"column":31}},"4":{"start":{"line":8,"column":12},"end":{"line":8,"column":68}},"5":{"start":{"line":9,"column":11},"end":{"line":9,"column":66}},"6":{"start":{"line":12,"column":19},"end":{"line":12,"column":60}},"7":{"start":{"line":13,"column":20},"end":{"line":13,"column":55}},"8":{"start":{"line":14,"column":4},"end":{"line":14,"column":37}},"9":{"start":{"line":15,"column":4},"end":{"line":15,"column":21}},"10":{"start":{"line":19,"column":21},"end":{"line":19,"column":64}},"11":{"start":{"line":20,"column":20},"end":{"line":20,"column":66}},"12":{"start":{"line":21,"column":4},"end":{"line":21,"column":41}},"13":{"start":{"line":22,"column":4},"end":{"line":22,"column":21}},"14":{"start":{"line":26,"column":4},"end":{"line":37,"column":5}},"15":{"start":{"line":27,"column":8},"end":{"line":27,"column":28}},"16":{"start":{"line":28,"column":11},"end":{"line":37,"column":5}},"17":{"start":{"line":29,"column":34},"end":{"line":29,"column":36}},"18":{"start":{"line":30,"column":8},"end":{"line":35,"column":9}},"19":{"start":{"line":31,"column":12},"end":{"line":34,"column":13}},"20":{"start":{"line":32,"column":37},"end":{"line":32,"column":49}},"21":{"start":{"line":33,"column":16},"end":{"line":33,"column":69}},"22":{"start":{"line":36,"column":8},"end":{"line":36,"column":28}},"23":{"start":{"line":38,"column":4},"end":{"line":38,"column":15}},"24":{"start":{"line":42,"column":4},"end":{"line":53,"column":5}},"25":{"start":{"line":43,"column":8},"end":{"line":43,"column":28}},"26":{"start":{"line":44,"column":11},"end":{"line":53,"column":5}},"27":{"start":{"line":45,"column":34},"end":{"line":45,"column":36}},"28":{"start":{"line":46,"column":8},"end":{"line":51,"column":9}},"29":{"start":{"line":47,"column":12},"end":{"line":50,"column":13}},"30":{"start":{"line":48,"column":37},"end":{"line":48,"column":49}},"31":{"start":{"line":49,"column":16},"end":{"line":49,"column":69}},"32":{"start":{"line":52,"column":8},"end":{"line":52,"column":28}},"33":{"start":{"line":54,"column":4},"end":{"line":54,"column":15}},"34":{"start":{"line":59,"column":2},"end":{"line":63,"column":4}},"35":{"start":{"line":59,"column":47},"end":{"line":63,"column":4}},"36":{"start":{"line":60,"column":21},"end":{"line":60,"column":29}},"37":{"start":{"line":61,"column":26},"end":{"line":61,"column":45}},"38":{"start":{"line":62,"column":4},"end":{"line":62,"column":44}},"39":{"start":{"line":65,"column":2},"end":{"line":69,"column":4}},"40":{"start":{"line":65,"column":47},"end":{"line":69,"column":4}},"41":{"start":{"line":66,"column":30},"end":{"line":66,"column":38}},"42":{"start":{"line":67,"column":26},"end":{"line":67,"column":54}},"43":{"start":{"line":68,"column":4},"end":{"line":68,"column":44}},"44":{"start":{"line":58,"column":0},"end":{"line":58,"column":13}}},"fnMap":{"0":{"name":"encrypt","decl":{"start":{"line":11,"column":9},"end":{"line":11,"column":16}},"loc":{"start":{"line":11,"column":29},"end":{"line":16,"column":1}}},"1":{"name":"decrypt","decl":{"start":{"line":18,"column":9},"end":{"line":18,"column":16}},"loc":{"start":{"line":18,"column":38},"end":{"line":23,"column":1}}},"2":{"name":"encryptObject","decl":{"start":{"line":25,"column":9},"end":{"line":25,"column":22}},"loc":{"start":{"line":25,"column":31},"end":{"line":39,"column":1}}},"3":{"name":"decryptObject","decl":{"start":{"line":41,"column":9},"end":{"line":41,"column":22}},"loc":{"start":{"line":41,"column":31},"end":{"line":55,"column":1}}},"4":{"name":"(anonymous_21)","decl":{"start":{"line":58,"column":0},"end":{"line":58,"column":13}},"loc":{"start":{"line":58,"column":0},"end":{"line":70,"column":1}}},"5":{"name":"(anonymous_22)","decl":{"start":{"line":59,"column":28},"end":{"line":59,"column":35}},"loc":{"start":{"line":59,"column":47},"end":{"line":63,"column":4}}},"6":{"name":"(anonymous_23)","decl":{"start":{"line":59,"column":47},"end":{"line":59,"column":null}},"loc":{"start":{"line":59,"column":47},"end":{"line":63,"column":3}}},"7":{"name":"(anonymous_24)","decl":{"start":{"line":65,"column":28},"end":{"line":65,"column":35}},"loc":{"start":{"line":65,"column":47},"end":{"line":69,"column":4}}},"8":{"name":"(anonymous_25)","decl":{"start":{"line":65,"column":47},"end":{"line":65,"column":null}},"loc":{"start":{"line":65,"column":47},"end":{"line":69,"column":3}}}},"branchMap":{"0":{"loc":{"start":{"line":26,"column":4},"end":{"line":37,"column":5}},"type":"if","locations":[{"start":{"line":26,"column":4},"end":{"line":37,"column":5}},{"start":{"line":28,"column":11},"end":{"line":37,"column":5}}]},"1":{"loc":{"start":{"line":28,"column":11},"end":{"line":37,"column":5}},"type":"if","locations":[{"start":{"line":28,"column":11},"end":{"line":37,"column":5}}]},"2":{"loc":{"start":{"line":28,"column":15},"end":{"line":28,"column":54}},"type":"binary-expr","locations":[{"start":{"line":28,"column":15},"end":{"line":28,"column":38}},{"start":{"line":28,"column":42},"end":{"line":28,"column":54}}]},"3":{"loc":{"start":{"line":31,"column":12},"end":{"line":34,"column":13}},"type":"if","locations":[{"start":{"line":31,"column":12},"end":{"line":34,"column":13}}]},"4":{"loc":{"start":{"line":42,"column":4},"end":{"line":53,"column":5}},"type":"if","locations":[{"start":{"line":42,"column":4},"end":{"line":53,"column":5}},{"start":{"line":44,"column":11},"end":{"line":53,"column":5}}]},"5":{"loc":{"start":{"line":44,"column":11},"end":{"line":53,"column":5}},"type":"if","locations":[{"start":{"line":44,"column":11},"end":{"line":53,"column":5}}]},"6":{"loc":{"start":{"line":44,"column":15},"end":{"line":44,"column":54}},"type":"binary-expr","locations":[{"start":{"line":44,"column":15},"end":{"line":44,"column":38}},{"start":{"line":44,"column":42},"end":{"line":44,"column":54}}]},"7":{"loc":{"start":{"line":47,"column":12},"end":{"line":50,"column":13}},"type":"if","locations":[{"start":{"line":47,"column":12},"end":{"line":50,"column":13}}]}},"s":{"0":1,"1":1,"2":1,"3":1,"4":1,"5":1,"6":0,"7":0,"8":0,"9":0,"10":0,"11":0,"12":0,"13":0,"14":0,"15":0,"16":0,"17":0,"18":0,"19":0,"20":0,"21":0,"22":0,"23":0,"24":0,"25":0,"26":0,"27":0,"28":0,"29":0,"30":0,"31":0,"32":0,"33":0,"34":1,"35":0,"36":0,"37":0,"38":0,"39":1,"40":0,"41":0,"42":0,"43":0,"44":1},"f":{"0":0,"1":0,"2":0,"3":0,"4":1,"5":0,"6":0,"7":0,"8":0},"b":{"0":[0,0],"1":[0],"2":[0,0],"3":[0],"4":[0,0],"5":[0],"6":[0,0],"7":[0]}}
,"/home/kamal-seriki/Desktop/projects/backend/event-ticket-booking/src/controller/eventController.ts": {"path":"/home/kamal-seriki/Desktop/projects/backend/event-ticket-booking/src/controller/eventController.ts","statementMap":{"0":{"start":{"line":2,"column":0},"end":{"line":2,"column":48}},"1":{"start":{"line":3,"column":0},"end":{"line":3,"column":65}},"2":{"start":{"line":6,"column":0},"end":{"line":6,"column":58}},"3":{"start":{"line":9,"column":4},"end":{"line":9,"column":39}},"4":{"start":{"line":13,"column":4},"end":{"line":22,"column":6}},"5":{"start":{"line":13,"column":53},"end":{"line":22,"column":6}},"6":{"start":{"line":14,"column":34},"end":{"line":14,"column":59}},"7":{"start":{"line":15,"column":8},"end":{"line":18,"column":9}},"8":{"start":{"line":16,"column":12},"end":{"line":16,"column":93}},"9":{"start":{"line":17,"column":12},"end":{"line":17,"column":19}},"10":{"start":{"line":19,"column":21},"end":{"line":19,"column":45}},"11":{"start":{"line":20,"column":25},"end":{"line":20,"column":81}},"12":{"start":{"line":21,"column":8},"end":{"line":21,"column":74}},"13":{"start":{"line":24,"column":4},"end":{"line":28,"column":6}},"14":{"start":{"line":24,"column":50},"end":{"line":28,"column":6}},"15":{"start":{"line":25,"column":23},"end":{"line":25,"column":33}},"16":{"start":{"line":26,"column":25},"end":{"line":26,"column":54}},"17":{"start":{"line":27,"column":8},"end":{"line":27,"column":69}},"18":{"start":{"line":30,"column":4},"end":{"line":33,"column":6}},"19":{"start":{"line":30,"column":54},"end":{"line":33,"column":6}},"20":{"start":{"line":31,"column":25},"end":{"line":31,"column":56}},"21":{"start":{"line":32,"column":8},"end":{"line":32,"column":69}},"22":{"start":{"line":35,"column":4},"end":{"line":44,"column":6}},"23":{"start":{"line":35,"column":83},"end":{"line":44,"column":6}},"24":{"start":{"line":36,"column":34},"end":{"line":36,"column":59}},"25":{"start":{"line":37,"column":8},"end":{"line":40,"column":9}},"26":{"start":{"line":38,"column":12},"end":{"line":38,"column":93}},"27":{"start":{"line":39,"column":12},"end":{"line":39,"column":19}},"28":{"start":{"line":41,"column":21},"end":{"line":41,"column":45}},"29":{"start":{"line":42,"column":25},"end":{"line":42,"column":81}},"30":{"start":{"line":43,"column":8},"end":{"line":43,"column":69}},"31":{"start":{"line":46,"column":4},"end":{"line":56,"column":6}},"32":{"start":{"line":46,"column":83},"end":{"line":56,"column":6}},"33":{"start":{"line":47,"column":23},"end":{"line":47,"column":33}},"34":{"start":{"line":48,"column":34},"end":{"line":48,"column":59}},"35":{"start":{"line":49,"column":8},"end":{"line":52,"column":9}},"36":{"start":{"line":50,"column":12},"end":{"line":50,"column":93}},"37":{"start":{"line":51,"column":12},"end":{"line":51,"column":19}},"38":{"start":{"line":54,"column":25},"end":{"line":54,"column":79}},"39":{"start":{"line":55,"column":8},"end":{"line":55,"column":69}},"40":{"start":{"line":8,"column":0},"end":{"line":8,"column":13}}},"fnMap":{"0":{"name":"(anonymous_7)","decl":{"start":{"line":11,"column":4},"end":{"line":11,"column":19}},"loc":{"start":{"line":11,"column":4},"end":{"line":11,"column":20}}},"1":{"name":"(anonymous_8)","decl":{"start":{"line":13,"column":34},"end":{"line":13,"column":41}},"loc":{"start":{"line":13,"column":53},"end":{"line":22,"column":6}}},"2":{"name":"(anonymous_9)","decl":{"start":{"line":13,"column":53},"end":{"line":13,"column":null}},"loc":{"start":{"line":13,"column":53},"end":{"line":22,"column":5}}},"3":{"name":"(anonymous_10)","decl":{"start":{"line":24,"column":31},"end":{"line":24,"column":38}},"loc":{"start":{"line":24,"column":50},"end":{"line":28,"column":6}}},"4":{"name":"(anonymous_11)","decl":{"start":{"line":24,"column":50},"end":{"line":24,"column":null}},"loc":{"start":{"line":24,"column":50},"end":{"line":28,"column":5}}},"5":{"name":"(anonymous_12)","decl":{"start":{"line":30,"column":35},"end":{"line":30,"column":42}},"loc":{"start":{"line":30,"column":54},"end":{"line":33,"column":6}}},"6":{"name":"(anonymous_13)","decl":{"start":{"line":30,"column":54},"end":{"line":30,"column":null}},"loc":{"start":{"line":30,"column":54},"end":{"line":33,"column":5}}},"7":{"name":"(anonymous_14)","decl":{"start":{"line":35,"column":34},"end":{"line":35,"column":41}},"loc":{"start":{"line":35,"column":83},"end":{"line":44,"column":6}}},"8":{"name":"(anonymous_15)","decl":{"start":{"line":35,"column":83},"end":{"line":35,"column":null}},"loc":{"start":{"line":35,"column":83},"end":{"line":44,"column":5}}},"9":{"name":"(anonymous_16)","decl":{"start":{"line":46,"column":34},"end":{"line":46,"column":41}},"loc":{"start":{"line":46,"column":83},"end":{"line":56,"column":6}}},"10":{"name":"(anonymous_17)","decl":{"start":{"line":46,"column":83},"end":{"line":46,"column":null}},"loc":{"start":{"line":46,"column":83},"end":{"line":56,"column":5}}}},"branchMap":{"0":{"loc":{"start":{"line":15,"column":8},"end":{"line":18,"column":9}},"type":"if","locations":[{"start":{"line":15,"column":8},"end":{"line":18,"column":9}}]},"1":{"loc":{"start":{"line":21,"column":19},"end":{"line":21,"column":57}},"type":"binary-expr","locations":[{"start":{"line":21,"column":19},"end":{"line":21,"column":34}},{"start":{"line":21,"column":38},"end":{"line":21,"column":57}}]},"2":{"loc":{"start":{"line":27,"column":19},"end":{"line":27,"column":52}},"type":"binary-expr","locations":[{"start":{"line":27,"column":19},"end":{"line":27,"column":34}},{"start":{"line":27,"column":38},"end":{"line":27,"column":52}}]},"3":{"loc":{"start":{"line":32,"column":19},"end":{"line":32,"column":52}},"type":"binary-expr","locations":[{"start":{"line":32,"column":19},"end":{"line":32,"column":34}},{"start":{"line":32,"column":38},"end":{"line":32,"column":52}}]},"4":{"loc":{"start":{"line":37,"column":8},"end":{"line":40,"column":9}},"type":"if","locations":[{"start":{"line":37,"column":8},"end":{"line":40,"column":9}}]},"5":{"loc":{"start":{"line":43,"column":19},"end":{"line":43,"column":52}},"type":"binary-expr","locations":[{"start":{"line":43,"column":19},"end":{"line":43,"column":34}},{"start":{"line":43,"column":38},"end":{"line":43,"column":52}}]},"6":{"loc":{"start":{"line":49,"column":8},"end":{"line":52,"column":9}},"type":"if","locations":[{"start":{"line":49,"column":8},"end":{"line":52,"column":9}}]},"7":{"loc":{"start":{"line":55,"column":19},"end":{"line":55,"column":52}},"type":"binary-expr","locations":[{"start":{"line":55,"column":19},"end":{"line":55,"column":34}},{"start":{"line":55,"column":38},"end":{"line":55,"column":52}}]}},"s":{"0":1,"1":1,"2":1,"3":1,"4":1,"5":0,"6":0,"7":0,"8":0,"9":0,"10":0,"11":0,"12":0,"13":1,"14":0,"15":0,"16":0,"17":0,"18":1,"19":0,"20":0,"21":0,"22":1,"23":0,"24":0,"25":0,"26":0,"27":0,"28":0,"29":0,"30":0,"31":1,"32":0,"33":0,"34":0,"35":0,"36":0,"37":0,"38":0,"39":0,"40":1},"f":{"0":1,"1":0,"2":0,"3":0,"4":0,"5":0,"6":0,"7":0,"8":0,"9":0,"10":0},"b":{"0":[0],"1":[0,0],"2":[0,0],"3":[0,0],"4":[0],"5":[0,0],"6":[0],"7":[0,0]}}
,"/home/kamal-seriki/Desktop/projects/backend/event-ticket-booking/src/controller/paymentController.ts": {"path":"/home/kamal-seriki/Desktop/projects/backend/event-ticket-booking/src/controller/paymentController.ts","statementMap":{"0":{"start":{"line":2,"column":0},"end":{"line":2,"column":28}},"1":{"start":{"line":3,"column":0},"end":{"line":3,"column":44}},"2":{"start":{"line":4,"column":0},"end":{"line":4,"column":43}},"3":{"start":{"line":5,"column":0},"end":{"line":5,"column":28}},"4":{"start":{"line":8,"column":23},"end":{"line":10,"column":2}},"5":{"start":{"line":15,"column":45},"end":{"line":45,"column":2}},"6":{"start":{"line":15,"column":78},"end":{"line":45,"column":2}},"7":{"start":{"line":16,"column":14},"end":{"line":16,"column":45}},"8":{"start":{"line":18,"column":2},"end":{"line":44,"column":3}},"9":{"start":{"line":19,"column":18},"end":{"line":22,"column":null}},"10":{"start":{"line":25,"column":4},"end":{"line":38,"column":5}},"11":{"start":{"line":26,"column":28},"end":{"line":26,"column":45}},"12":{"start":{"line":27,"column":6},"end":{"line":27,"column":67}},"13":{"start":{"line":30,"column":22},"end":{"line":30,"column":35}},"14":{"start":{"line":31,"column":6},"end":{"line":31,"column":47}},"15":{"start":{"line":32,"column":6},"end":{"line":32,"column":34}},"16":{"start":{"line":33,"column":6},"end":{"line":33,"column":44}},"17":{"start":{"line":34,"column":6},"end":{"line":34,"column":48}},"18":{"start":{"line":35,"column":6},"end":{"line":35,"column":35}},"19":{"start":{"line":37,"column":6},"end":{"line":37,"column":48}},"20":{"start":{"line":40,"column":4},"end":{"line":40,"column":52}},"21":{"start":{"line":42,"column":4},"end":{"line":42,"column":58}},"22":{"start":{"line":43,"column":4},"end":{"line":43,"column":76}},"23":{"start":{"line":15,"column":13},"end":{"line":15,"column":45}},"24":{"start":{"line":50,"column":47},"end":{"line":82,"column":2}},"25":{"start":{"line":50,"column":80},"end":{"line":82,"column":2}},"26":{"start":{"line":51,"column":17},"end":{"line":51,"column":58}},"27":{"start":{"line":54,"column":15},"end":{"line":54,"column":50}},"28":{"start":{"line":55,"column":23},"end":{"line":58,"column":18}},"29":{"start":{"line":60,"column":2},"end":{"line":62,"column":3}},"30":{"start":{"line":61,"column":4},"end":{"line":61,"column":67}},"31":{"start":{"line":64,"column":16},"end":{"line":64,"column":24}},"32":{"start":{"line":65,"column":2},"end":{"line":79,"column":3}},"33":{"start":{"line":66,"column":52},"end":{"line":66,"column":62}},"34":{"start":{"line":68,"column":4},"end":{"line":68,"column":60}},"35":{"start":{"line":71,"column":20},"end":{"line":71,"column":33}},"36":{"start":{"line":72,"column":4},"end":{"line":72,"column":38}},"37":{"start":{"line":73,"column":4},"end":{"line":73,"column":34}},"38":{"start":{"line":74,"column":4},"end":{"line":74,"column":28}},"39":{"start":{"line":75,"column":4},"end":{"line":75,"column":32}},"40":{"start":{"line":76,"column":4},"end":{"line":76,"column":28}},"41":{"start":{"line":78,"column":4},"end":{"line":78,"column":46}},"42":{"start":{"line":81,"column":2},"end":{"line":81,"column":50}},"43":{"start":{"line":50,"column":13},"end":{"line":50,"column":47}}},"fnMap":{"0":{"name":"(anonymous_8)","decl":{"start":{"line":15,"column":45},"end":{"line":15,"column":52}},"loc":{"start":{"line":15,"column":78},"end":{"line":45,"column":2}}},"1":{"name":"(anonymous_9)","decl":{"start":{"line":15,"column":78},"end":{"line":15,"column":null}},"loc":{"start":{"line":15,"column":78},"end":{"line":45,"column":1}}},"2":{"name":"(anonymous_10)","decl":{"start":{"line":50,"column":47},"end":{"line":50,"column":54}},"loc":{"start":{"line":50,"column":80},"end":{"line":82,"column":2}}},"3":{"name":"(anonymous_11)","decl":{"start":{"line":50,"column":80},"end":{"line":50,"column":null}},"loc":{"start":{"line":50,"column":80},"end":{"line":82,"column":1}}}},"branchMap":{"0":{"loc":{"start":{"line":25,"column":4},"end":{"line":38,"column":5}},"type":"if","locations":[{"start":{"line":25,"column":4},"end":{"line":38,"column":5}}]},"1":{"loc":{"start":{"line":60,"column":2},"end":{"line":62,"column":3}},"type":"if","locations":[{"start":{"line":60,"column":2},"end":{"line":62,"column":3}}]},"2":{"loc":{"start":{"line":65,"column":2},"end":{"line":79,"column":3}},"type":"if","locations":[{"start":{"line":65,"column":2},"end":{"line":79,"column":3}}]}},"s":{"0":1,"1":1,"2":1,"3":1,"4":1,"5":1,"6":0,"7":0,"8":0,"9":0,"10":0,"11":0,"12":0,"13":0,"14":0,"15":0,"16":0,"17":0,"18":0,"19":0,"20":0,"21":0,"22":0,"23":1,"24":1,"25":0,"26":0,"27":0,"28":0,"29":0,"30":0,"31":0,"32":0,"33":0,"34":0,"35":0,"36":0,"37":0,"38":0,"39":0,"40":0,"41":0,"42":0,"43":1},"f":{"0":0,"1":0,"2":0,"3":0},"b":{"0":[0],"1":[0],"2":[0]}}
,"/home/kamal-seriki/Desktop/projects/backend/event-ticket-booking/src/controller/userController.ts": {"path":"/home/kamal-seriki/Desktop/projects/backend/event-ticket-booking/src/controller/userController.ts","statementMap":{"0":{"start":{"line":2,"column":0},"end":{"line":2,"column":48}},"1":{"start":{"line":3,"column":0},"end":{"line":3,"column":62}},"2":{"start":{"line":8,"column":2},"end":{"line":8,"column":34}},"3":{"start":{"line":12,"column":2},"end":{"line":16,"column":4}},"4":{"start":{"line":12,"column":45},"end":{"line":16,"column":4}},"5":{"start":{"line":13,"column":17},"end":{"line":13,"column":35}},"6":{"start":{"line":14,"column":21},"end":{"line":14,"column":48}},"7":{"start":{"line":15,"column":4},"end":{"line":15,"column":65}},"8":{"start":{"line":18,"column":2},"end":{"line":22,"column":4}},"9":{"start":{"line":18,"column":50},"end":{"line":22,"column":4}},"10":{"start":{"line":19,"column":17},"end":{"line":19,"column":40}},"11":{"start":{"line":20,"column":21},"end":{"line":20,"column":53}},"12":{"start":{"line":21,"column":4},"end":{"line":21,"column":70}},"13":{"start":{"line":24,"column":2},"end":{"line":28,"column":4}},"14":{"start":{"line":24,"column":49},"end":{"line":28,"column":4}},"15":{"start":{"line":25,"column":17},"end":{"line":25,"column":39}},"16":{"start":{"line":26,"column":21},"end":{"line":26,"column":52}},"17":{"start":{"line":27,"column":4},"end":{"line":27,"column":65}},"18":{"start":{"line":30,"column":2},"end":{"line":34,"column":null}},"19":{"start":{"line":30,"column":49},"end":{"line":34,"column":null}},"20":{"start":{"line":31,"column":20},"end":{"line":31,"column":28}},"21":{"start":{"line":32,"column":21},"end":{"line":32,"column":53}},"22":{"start":{"line":33,"column":4},"end":{"line":33,"column":null}},"23":{"start":{"line":36,"column":2},"end":{"line":40,"column":4}},"24":{"start":{"line":36,"column":62},"end":{"line":40,"column":4}},"25":{"start":{"line":37,"column":19},"end":{"line":37,"column":31}},"26":{"start":{"line":38,"column":21},"end":{"line":38,"column":52}},"27":{"start":{"line":39,"column":4},"end":{"line":39,"column":65}},"28":{"start":{"line":42,"column":2},"end":{"line":45,"column":4}},"29":{"start":{"line":42,"column":51},"end":{"line":45,"column":4}},"30":{"start":{"line":43,"column":21},"end":{"line":43,"column":50}},"31":{"start":{"line":44,"column":4},"end":{"line":44,"column":65}},"32":{"start":{"line":47,"column":2},"end":{"line":51,"column":4}},"33":{"start":{"line":47,"column":65},"end":{"line":51,"column":4}},"34":{"start":{"line":48,"column":17},"end":{"line":48,"column":39}},"35":{"start":{"line":49,"column":21},"end":{"line":49,"column":53}},"36":{"start":{"line":50,"column":4},"end":{"line":50,"column":65}},"37":{"start":{"line":53,"column":2},"end":{"line":57,"column":4}},"38":{"start":{"line":53,"column":50},"end":{"line":57,"column":4}},"39":{"start":{"line":54,"column":19},"end":{"line":54,"column":29}},"40":{"start":{"line":55,"column":21},"end":{"line":55,"column":51}},"41":{"start":{"line":56,"column":4},"end":{"line":56,"column":65}},"42":{"start":{"line":59,"column":2},"end":{"line":63,"column":4}},"43":{"start":{"line":59,"column":61},"end":{"line":63,"column":4}},"44":{"start":{"line":60,"column":22},"end":{"line":60,"column":30}},"45":{"start":{"line":61,"column":21},"end":{"line":61,"column":65}},"46":{"start":{"line":62,"column":4},"end":{"line":62,"column":65}},"47":{"start":{"line":65,"column":2},"end":{"line":69,"column":4}},"48":{"start":{"line":65,"column":53},"end":{"line":69,"column":4}},"49":{"start":{"line":66,"column":17},"end":{"line":66,"column":43}},"50":{"start":{"line":67,"column":21},"end":{"line":67,"column":56}},"51":{"start":{"line":68,"column":4},"end":{"line":68,"column":65}},"52":{"start":{"line":7,"column":0},"end":{"line":7,"column":13}}},"fnMap":{"0":{"name":"(anonymous_7)","decl":{"start":{"line":10,"column":2},"end":{"line":10,"column":17}},"loc":{"start":{"line":10,"column":2},"end":{"line":10,"column":18}}},"1":{"name":"(anonymous_8)","decl":{"start":{"line":12,"column":26},"end":{"line":12,"column":33}},"loc":{"start":{"line":12,"column":45},"end":{"line":16,"column":4}}},"2":{"name":"(anonymous_9)","decl":{"start":{"line":12,"column":45},"end":{"line":12,"column":null}},"loc":{"start":{"line":12,"column":45},"end":{"line":16,"column":3}}},"3":{"name":"(anonymous_10)","decl":{"start":{"line":18,"column":31},"end":{"line":18,"column":38}},"loc":{"start":{"line":18,"column":50},"end":{"line":22,"column":4}}},"4":{"name":"(anonymous_11)","decl":{"start":{"line":18,"column":50},"end":{"line":18,"column":null}},"loc":{"start":{"line":18,"column":50},"end":{"line":22,"column":3}}},"5":{"name":"(anonymous_12)","decl":{"start":{"line":24,"column":30},"end":{"line":24,"column":37}},"loc":{"start":{"line":24,"column":49},"end":{"line":28,"column":4}}},"6":{"name":"(anonymous_13)","decl":{"start":{"line":24,"column":49},"end":{"line":24,"column":null}},"loc":{"start":{"line":24,"column":49},"end":{"line":28,"column":3}}},"7":{"name":"(anonymous_14)","decl":{"start":{"line":30,"column":30},"end":{"line":30,"column":37}},"loc":{"start":{"line":30,"column":49},"end":{"line":34,"column":null}}},"8":{"name":"(anonymous_15)","decl":{"start":{"line":30,"column":49},"end":{"line":30,"column":null}},"loc":{"start":{"line":30,"column":49},"end":{"line":34,"column":3}}},"9":{"name":"(anonymous_16)","decl":{"start":{"line":36,"column":28},"end":{"line":36,"column":35}},"loc":{"start":{"line":36,"column":62},"end":{"line":40,"column":4}}},"10":{"name":"(anonymous_17)","decl":{"start":{"line":36,"column":62},"end":{"line":36,"column":null}},"loc":{"start":{"line":36,"column":62},"end":{"line":40,"column":3}}},"11":{"name":"(anonymous_18)","decl":{"start":{"line":42,"column":32},"end":{"line":42,"column":39}},"loc":{"start":{"line":42,"column":51},"end":{"line":45,"column":4}}},"12":{"name":"(anonymous_19)","decl":{"start":{"line":42,"column":51},"end":{"line":42,"column":null}},"loc":{"start":{"line":42,"column":51},"end":{"line":45,"column":3}}},"13":{"name":"(anonymous_20)","decl":{"start":{"line":47,"column":31},"end":{"line":47,"column":38}},"loc":{"start":{"line":47,"column":65},"end":{"line":51,"column":4}}},"14":{"name":"(anonymous_21)","decl":{"start":{"line":47,"column":65},"end":{"line":47,"column":null}},"loc":{"start":{"line":47,"column":65},"end":{"line":51,"column":3}}},"15":{"name":"(anonymous_22)","decl":{"start":{"line":53,"column":31},"end":{"line":53,"column":38}},"loc":{"start":{"line":53,"column":50},"end":{"line":57,"column":4}}},"16":{"name":"(anonymous_23)","decl":{"start":{"line":53,"column":50},"end":{"line":53,"column":null}},"loc":{"start":{"line":53,"column":50},"end":{"line":57,"column":3}}},"17":{"name":"(anonymous_24)","decl":{"start":{"line":59,"column":42},"end":{"line":59,"column":49}},"loc":{"start":{"line":59,"column":61},"end":{"line":63,"column":4}}},"18":{"name":"(anonymous_25)","decl":{"start":{"line":59,"column":61},"end":{"line":59,"column":null}},"loc":{"start":{"line":59,"column":61},"end":{"line":63,"column":3}}},"19":{"name":"(anonymous_26)","decl":{"start":{"line":65,"column":34},"end":{"line":65,"column":41}},"loc":{"start":{"line":65,"column":53},"end":{"line":69,"column":4}}},"20":{"name":"(anonymous_27)","decl":{"start":{"line":65,"column":53},"end":{"line":65,"column":null}},"loc":{"start":{"line":65,"column":53},"end":{"line":69,"column":3}}}},"branchMap":{"0":{"loc":{"start":{"line":15,"column":15},"end":{"line":15,"column":48}},"type":"binary-expr","locations":[{"start":{"line":15,"column":15},"end":{"line":15,"column":30}},{"start":{"line":15,"column":34},"end":{"line":15,"column":48}}]},"1":{"loc":{"start":{"line":21,"column":15},"end":{"line":21,"column":53}},"type":"binary-expr","locations":[{"start":{"line":21,"column":15},"end":{"line":21,"column":30}},{"start":{"line":21,"column":34},"end":{"line":21,"column":53}}]},"2":{"loc":{"start":{"line":27,"column":15},"end":{"line":27,"column":48}},"type":"binary-expr","locations":[{"start":{"line":27,"column":15},"end":{"line":27,"column":30}},{"start":{"line":27,"column":34},"end":{"line":27,"column":48}}]},"3":{"loc":{"start":{"line":33,"column":15},"end":{"line":33,"column":48}},"type":"binary-expr","locations":[{"start":{"line":33,"column":15},"end":{"line":33,"column":30}},{"start":{"line":33,"column":34},"end":{"line":33,"column":48}}]},"4":{"loc":{"start":{"line":37,"column":19},"end":{"line":37,"column":31}},"type":"cond-expr","locations":[{"start":{"line":37,"column":27},"end":{"line":37,"column":29}},{"start":{"line":37,"column":27},"end":{"line":37,"column":31}}]},"5":{"loc":{"start":{"line":37,"column":19},"end":{"line":37,"column":29}},"type":"binary-expr","locations":[{"start":{"line":37,"column":19},"end":{"line":37,"column":29}},{"start":{"line":37,"column":27},"end":{"line":37,"column":29}}]},"6":{"loc":{"start":{"line":39,"column":15},"end":{"line":39,"column":48}},"type":"binary-expr","locations":[{"start":{"line":39,"column":15},"end":{"line":39,"column":30}},{"start":{"line":39,"column":34},"end":{"line":39,"column":48}}]},"7":{"loc":{"start":{"line":44,"column":15},"end":{"line":44,"column":48}},"type":"binary-expr","locations":[{"start":{"line":44,"column":15},"end":{"line":44,"column":30}},{"start":{"line":44,"column":34},"end":{"line":44,"column":48}}]},"8":{"loc":{"start":{"line":50,"column":15},"end":{"line":50,"column":48}},"type":"binary-expr","locations":[{"start":{"line":50,"column":15},"end":{"line":50,"column":30}},{"start":{"line":50,"column":34},"end":{"line":50,"column":48}}]},"9":{"loc":{"start":{"line":56,"column":15},"end":{"line":56,"column":48}},"type":"binary-expr","locations":[{"start":{"line":56,"column":15},"end":{"line":56,"column":30}},{"start":{"line":56,"column":34},"end":{"line":56,"column":48}}]},"10":{"loc":{"start":{"line":62,"column":15},"end":{"line":62,"column":48}},"type":"binary-expr","locations":[{"start":{"line":62,"column":15},"end":{"line":62,"column":30}},{"start":{"line":62,"column":34},"end":{"line":62,"column":48}}]},"11":{"loc":{"start":{"line":68,"column":15},"end":{"line":68,"column":48}},"type":"binary-expr","locations":[{"start":{"line":68,"column":15},"end":{"line":68,"column":30}},{"start":{"line":68,"column":34},"end":{"line":68,"column":48}}]}},"s":{"0":1,"1":1,"2":1,"3":1,"4":2,"5":2,"6":2,"7":2,"8":1,"9":1,"10":1,"11":1,"12":1,"13":1,"14":0,"15":0,"16":0,"17":0,"18":1,"19":0,"20":0,"21":0,"22":0,"23":1,"24":0,"25":0,"26":0,"27":0,"28":1,"29":0,"30":0,"31":0,"32":1,"33":0,"34":0,"35":0,"36":0,"37":1,"38":0,"39":0,"40":0,"41":0,"42":1,"43":0,"44":0,"45":0,"46":0,"47":1,"48":0,"49":0,"50":0,"51":0,"52":1},"f":{"0":1,"1":2,"2":2,"3":1,"4":1,"5":0,"6":0,"7":0,"8":0,"9":0,"10":0,"11":0,"12":0,"13":0,"14":0,"15":0,"16":0,"17":0,"18":0,"19":0,"20":0},"b":{"0":[2,0],"1":[1,0],"2":[0,0],"3":[0,0],"4":[0,0],"5":[0,0],"6":[0,0],"7":[0,0],"8":[0,0],"9":[0,0],"10":[0,0],"11":[0,0]}}
,"/home/kamal-seriki/Desktop/projects/backend/event-ticket-booking/src/entity/BaseModel.ts": {"path":"/home/kamal-seriki/Desktop/projects/backend/event-ticket-booking/src/entity/BaseModel.ts","statementMap":{"0":{"start":{"line":1,"column":0},"end":{"line":1,"column":97}},"1":{"start":{"line":3,"column":0},"end":{"line":3,"column":22}},"2":{"start":{"line":5,"column":2},"end":{"line":5,"column":null}},"3":{"start":{"line":8,"column":2},"end":{"line":8,"column":null}},"4":{"start":{"line":11,"column":2},"end":{"line":11,"column":null}}},"fnMap":{},"branchMap":{"0":{"loc":{"start":{"line":8,"column":15},"end":{"line":8,"column":20}},"type":"cond-expr","locations":[{"start":{"line":8,"column":19},"end":{"line":8,"column":20}},{"start":{"line":8,"column":19},"end":{"line":8,"column":20}}]},"1":{"loc":{"start":{"line":8,"column":15},"end":{"line":8,"column":19}},"type":"binary-expr","locations":[{"start":{"line":8,"column":15},"end":{"line":8,"column":20}},{"start":{"line":8,"column":15},"end":{"line":8,"column":19}}]},"2":{"loc":{"start":{"line":11,"column":15},"end":{"line":11,"column":20}},"type":"cond-expr","locations":[{"start":{"line":11,"column":19},"end":{"line":11,"column":20}},{"start":{"line":11,"column":19},"end":{"line":11,"column":20}}]},"3":{"loc":{"start":{"line":11,"column":15},"end":{"line":11,"column":19}},"type":"binary-expr","locations":[{"start":{"line":11,"column":15},"end":{"line":11,"column":20}},{"start":{"line":11,"column":15},"end":{"line":11,"column":19}}]}},"s":{"0":1,"1":1,"2":1,"3":1,"4":1},"f":{},"b":{"0":[1,0],"1":[1,1],"2":[1,0],"3":[1,1]}}
,"/home/kamal-seriki/Desktop/projects/backend/event-ticket-booking/src/entity/Event.ts": {"path":"/home/kamal-seriki/Desktop/projects/backend/event-ticket-booking/src/entity/Event.ts","statementMap":{"0":{"start":{"line":1,"column":0},"end":{"line":1,"column":75}},"1":{"start":{"line":2,"column":0},"end":{"line":2,"column":34}},"2":{"start":{"line":3,"column":0},"end":{"line":3,"column":40}},"3":{"start":{"line":4,"column":0},"end":{"line":4,"column":30}},"4":{"start":{"line":5,"column":0},"end":{"line":5,"column":45}},"5":{"start":{"line":7,"column":0},"end":{"line":7,"column":null}},"6":{"start":{"line":8,"column":2},"end":{"line":8,"column":null}},"7":{"start":{"line":9,"column":2},"end":{"line":9,"column":null}},"8":{"start":{"line":10,"column":2},"end":{"line":10,"column":null}},"9":{"start":{"line":11,"column":2},"end":{"line":11,"column":null}},"10":{"start":{"line":12,"column":2},"end":{"line":12,"column":null}},"11":{"start":{"line":16,"column":7},"end":{"line":65,"column":null}},"12":{"start":{"line":16,"column":13},"end":{"line":16,"column":18}},"13":{"start":{"line":19,"column":2},"end":{"line":19,"column":null}},"14":{"start":{"line":23,"column":2},"end":{"line":23,"column":null}},"15":{"start":{"line":27,"column":2},"end":{"line":27,"column":null}},"16":{"start":{"line":31,"column":2},"end":{"line":31,"column":null}},"17":{"start":{"line":38,"column":2},"end":{"line":38,"column":null}},"18":{"start":{"line":42,"column":2},"end":{"line":42,"column":null}},"19":{"start":{"line":46,"column":2},"end":{"line":46,"column":null}},"20":{"start":{"line":50,"column":2},"end":{"line":50,"column":null}},"21":{"start":{"line":54,"column":2},"end":{"line":54,"column":null}},"22":{"start":{"line":57,"column":2},"end":{"line":57,"column":null}},"23":{"start":{"line":56,"column":19},"end":{"line":56,"column":25}},"24":{"start":{"line":56,"column":39},"end":{"line":56,"column":51}},"25":{"start":{"line":61,"column":2},"end":{"line":61,"column":null}},"26":{"start":{"line":59,"column":19},"end":{"line":59,"column":23}},"27":{"start":{"line":59,"column":35},"end":{"line":59,"column":42}},"28":{"start":{"line":64,"column":2},"end":{"line":64,"column":null}},"29":{"start":{"line":16,"column":13},"end":{"line":65,"column":null}}},"fnMap":{"0":{"name":"(anonymous_2)","decl":{"start":{"line":7,"column":0},"end":{"line":7,"column":12}},"loc":{"start":{"line":7,"column":23},"end":{"line":13,"column":1}}},"1":{"name":"(anonymous_3)","decl":{"start":{"line":56,"column":13},"end":{"line":56,"column":16}},"loc":{"start":{"line":56,"column":19},"end":{"line":56,"column":25}}},"2":{"name":"(anonymous_4)","decl":{"start":{"line":56,"column":27},"end":{"line":56,"column":28}},"loc":{"start":{"line":56,"column":39},"end":{"line":56,"column":51}}},"3":{"name":"(anonymous_5)","decl":{"start":{"line":59,"column":13},"end":{"line":59,"column":16}},"loc":{"start":{"line":59,"column":19},"end":{"line":59,"column":23}}},"4":{"name":"(anonymous_6)","decl":{"start":{"line":59,"column":25},"end":{"line":59,"column":26}},"loc":{"start":{"line":59,"column":35},"end":{"line":59,"column":42}}}},"branchMap":{"0":{"loc":{"start":{"line":7,"column":12},"end":{"line":7,"column":null}},"type":"binary-expr","locations":[{"start":{"line":7,"column":12},"end":{"line":7,"column":23}},{"start":{"line":7,"column":23},"end":{"line":7,"column":null}}]},"1":{"loc":{"start":{"line":27,"column":8},"end":{"line":27,"column":13}},"type":"cond-expr","locations":[{"start":{"line":27,"column":12},"end":{"line":27,"column":13}},{"start":{"line":27,"column":12},"end":{"line":27,"column":13}}]},"2":{"loc":{"start":{"line":27,"column":8},"end":{"line":27,"column":12}},"type":"binary-expr","locations":[{"start":{"line":27,"column":8},"end":{"line":27,"column":13}},{"start":{"line":27,"column":8},"end":{"line":27,"column":12}}]},"3":{"loc":{"start":{"line":61,"column":8},"end":{"line":61,"column":13}},"type":"cond-expr","locations":[{"start":{"line":61,"column":12},"end":{"line":61,"column":13}},{"start":{"line":61,"column":12},"end":{"line":61,"column":13}}]},"4":{"loc":{"start":{"line":61,"column":8},"end":{"line":61,"column":12}},"type":"binary-expr","locations":[{"start":{"line":61,"column":8},"end":{"line":61,"column":13}},{"start":{"line":61,"column":8},"end":{"line":61,"column":12}}]}},"s":{"0":1,"1":1,"2":1,"3":1,"4":1,"5":1,"6":1,"7":1,"8":1,"9":1,"10":1,"11":1,"12":1,"13":1,"14":1,"15":1,"16":1,"17":1,"18":1,"19":1,"20":1,"21":1,"22":1,"23":1,"24":1,"25":1,"26":1,"27":1,"28":1,"29":1},"f":{"0":1,"1":1,"2":1,"3":1,"4":1},"b":{"0":[1,1],"1":[1,0],"2":[1,1],"3":[0,1],"4":[1,0]}}
,"/home/kamal-seriki/Desktop/projects/backend/event-ticket-booking/src/entity/Message.ts": {"path":"/home/kamal-seriki/Desktop/projects/backend/event-ticket-booking/src/entity/Message.ts","statementMap":{"0":{"start":{"line":1,"column":0},"end":{"line":1,"column":41}},"1":{"start":{"line":2,"column":0},"end":{"line":2,"column":40}},"2":{"start":{"line":4,"column":0},"end":{"line":4,"column":null}},"3":{"start":{"line":5,"column":2},"end":{"line":5,"column":null}},"4":{"start":{"line":6,"column":2},"end":{"line":6,"column":null}},"5":{"start":{"line":7,"column":2},"end":{"line":7,"column":null}},"6":{"start":{"line":11,"column":7},"end":{"line":29,"column":null}},"7":{"start":{"line":11,"column":13},"end":{"line":11,"column":20}},"8":{"start":{"line":13,"column":2},"end":{"line":13,"column":null}},"9":{"start":{"line":16,"column":2},"end":{"line":16,"column":null}},"10":{"start":{"line":19,"column":2},"end":{"line":19,"column":null}},"11":{"start":{"line":22,"column":2},"end":{"line":22,"column":null}},"12":{"start":{"line":25,"column":2},"end":{"line":25,"column":null}},"13":{"start":{"line":28,"column":2},"end":{"line":28,"column":null}},"14":{"start":{"line":11,"column":13},"end":{"line":29,"column":null}}},"fnMap":{"0":{"name":"(anonymous_2)","decl":{"start":{"line":4,"column":0},"end":{"line":4,"column":12}},"loc":{"start":{"line":4,"column":23},"end":{"line":8,"column":1}}}},"branchMap":{"0":{"loc":{"start":{"line":4,"column":12},"end":{"line":4,"column":null}},"type":"binary-expr","locations":[{"start":{"line":4,"column":12},"end":{"line":4,"column":23}},{"start":{"line":4,"column":23},"end":{"line":4,"column":null}}]},"1":{"loc":{"start":{"line":28,"column":12},"end":{"line":28,"column":17}},"type":"cond-expr","locations":[{"start":{"line":28,"column":16},"end":{"line":28,"column":17}},{"start":{"line":28,"column":16},"end":{"line":28,"column":17}}]},"2":{"loc":{"start":{"line":28,"column":12},"end":{"line":28,"column":16}},"type":"binary-expr","locations":[{"start":{"line":28,"column":12},"end":{"line":28,"column":17}},{"start":{"line":28,"column":12},"end":{"line":28,"column":16}}]}},"s":{"0":1,"1":1,"2":1,"3":1,"4":1,"5":1,"6":1,"7":1,"8":1,"9":1,"10":1,"11":1,"12":1,"13":1,"14":1},"f":{"0":1},"b":{"0":[1,1],"1":[1,0],"2":[1,1]}}
,"/home/kamal-seriki/Desktop/projects/backend/event-ticket-booking/src/entity/Otp.ts": {"path":"/home/kamal-seriki/Desktop/projects/backend/event-ticket-booking/src/entity/Otp.ts","statementMap":{"0":{"start":{"line":1,"column":0},"end":{"line":1,"column":64}},"1":{"start":{"line":2,"column":0},"end":{"line":2,"column":40}},"2":{"start":{"line":3,"column":0},"end":{"line":3,"column":30}},"3":{"start":{"line":5,"column":0},"end":{"line":5,"column":null}},"4":{"start":{"line":6,"column":2},"end":{"line":6,"column":null}},"5":{"start":{"line":7,"column":2},"end":{"line":7,"column":null}},"6":{"start":{"line":11,"column":7},"end":{"line":27,"column":null}},"7":{"start":{"line":11,"column":13},"end":{"line":11,"column":16}},"8":{"start":{"line":14,"column":2},"end":{"line":14,"column":null}},"9":{"start":{"line":12,"column":19},"end":{"line":12,"column":23}},"10":{"start":{"line":12,"column":35},"end":{"line":12,"column":45}},"11":{"start":{"line":17,"column":2},"end":{"line":17,"column":null}},"12":{"start":{"line":20,"column":2},"end":{"line":20,"column":null}},"13":{"start":{"line":23,"column":2},"end":{"line":23,"column":null}},"14":{"start":{"line":26,"column":2},"end":{"line":26,"column":null}},"15":{"start":{"line":11,"column":13},"end":{"line":27,"column":null}}},"fnMap":{"0":{"name":"(anonymous_2)","decl":{"start":{"line":5,"column":0},"end":{"line":5,"column":12}},"loc":{"start":{"line":5,"column":19},"end":{"line":8,"column":1}}},"1":{"name":"(anonymous_3)","decl":{"start":{"line":12,"column":13},"end":{"line":12,"column":16}},"loc":{"start":{"line":12,"column":19},"end":{"line":12,"column":23}}},"2":{"name":"(anonymous_4)","decl":{"start":{"line":12,"column":25},"end":{"line":12,"column":26}},"loc":{"start":{"line":12,"column":35},"end":{"line":12,"column":45}}}},"branchMap":{"0":{"loc":{"start":{"line":5,"column":12},"end":{"line":5,"column":null}},"type":"binary-expr","locations":[{"start":{"line":5,"column":12},"end":{"line":5,"column":19}},{"start":{"line":5,"column":19},"end":{"line":5,"column":null}}]},"1":{"loc":{"start":{"line":14,"column":9},"end":{"line":14,"column":14}},"type":"cond-expr","locations":[{"start":{"line":14,"column":13},"end":{"line":14,"column":14}},{"start":{"line":14,"column":13},"end":{"line":14,"column":14}}]},"2":{"loc":{"start":{"line":14,"column":9},"end":{"line":14,"column":13}},"type":"binary-expr","locations":[{"start":{"line":14,"column":9},"end":{"line":14,"column":14}},{"start":{"line":14,"column":9},"end":{"line":14,"column":13}}]},"3":{"loc":{"start":{"line":20,"column":15},"end":{"line":20,"column":20}},"type":"cond-expr","locations":[{"start":{"line":20,"column":19},"end":{"line":20,"column":20}},{"start":{"line":20,"column":19},"end":{"line":20,"column":20}}]},"4":{"loc":{"start":{"line":20,"column":15},"end":{"line":20,"column":19}},"type":"binary-expr","locations":[{"start":{"line":20,"column":15},"end":{"line":20,"column":20}},{"start":{"line":20,"column":15},"end":{"line":20,"column":19}}]}},"s":{"0":1,"1":1,"2":1,"3":1,"4":1,"5":1,"6":1,"7":1,"8":1,"9":1,"10":1,"11":1,"12":1,"13":1,"14":1,"15":1},"f":{"0":1,"1":1,"2":1},"b":{"0":[1,1],"1":[1,0],"2":[1,1],"3":[1,0],"4":[1,1]}}
,"/home/kamal-seriki/Desktop/projects/backend/event-ticket-booking/src/entity/Payment.ts": {"path":"/home/kamal-seriki/Desktop/projects/backend/event-ticket-booking/src/entity/Payment.ts","statementMap":{"0":{"start":{"line":1,"column":0},"end":{"line":1,"column":94}},"1":{"start":{"line":2,"column":0},"end":{"line":2,"column":30}},"2":{"start":{"line":3,"column":0},"end":{"line":3,"column":32}},"3":{"start":{"line":4,"column":0},"end":{"line":4,"column":40}},"4":{"start":{"line":7,"column":7},"end":{"line":28,"column":null}},"5":{"start":{"line":7,"column":13},"end":{"line":7,"column":20}},"6":{"start":{"line":9,"column":2},"end":{"line":9,"column":null}},"7":{"start":{"line":8,"column":19},"end":{"line":8,"column":23}},"8":{"start":{"line":12,"column":2},"end":{"line":12,"column":null}},"9":{"start":{"line":11,"column":19},"end":{"line":11,"column":24}},"10":{"start":{"line":15,"column":2},"end":{"line":15,"column":null}},"11":{"start":{"line":18,"column":2},"end":{"line":18,"column":null}},"12":{"start":{"line":21,"column":2},"end":{"line":21,"column":null}},"13":{"start":{"line":24,"column":2},"end":{"line":24,"column":null}},"14":{"start":{"line":27,"column":2},"end":{"line":27,"column":null}},"15":{"start":{"line":7,"column":13},"end":{"line":28,"column":null}}},"fnMap":{"0":{"name":"(anonymous_2)","decl":{"start":{"line":8,"column":13},"end":{"line":8,"column":16}},"loc":{"start":{"line":8,"column":19},"end":{"line":8,"column":23}}},"1":{"name":"(anonymous_3)","decl":{"start":{"line":11,"column":13},"end":{"line":11,"column":16}},"loc":{"start":{"line":11,"column":19},"end":{"line":11,"column":24}}}},"branchMap":{"0":{"loc":{"start":{"line":9,"column":8},"end":{"line":9,"column":13}},"type":"cond-expr","locations":[{"start":{"line":9,"column":12},"end":{"line":9,"column":13}},{"start":{"line":9,"column":12},"end":{"line":9,"column":13}}]},"1":{"loc":{"start":{"line":9,"column":8},"end":{"line":9,"column":12}},"type":"binary-expr","locations":[{"start":{"line":9,"column":8},"end":{"line":9,"column":13}},{"start":{"line":9,"column":8},"end":{"line":9,"column":12}}]},"2":{"loc":{"start":{"line":12,"column":9},"end":{"line":12,"column":15}},"type":"cond-expr","locations":[{"start":{"line":12,"column":14},"end":{"line":12,"column":15}},{"start":{"line":12,"column":14},"end":{"line":12,"column":15}}]},"3":{"loc":{"start":{"line":12,"column":9},"end":{"line":12,"column":14}},"type":"binary-expr","locations":[{"start":{"line":12,"column":9},"end":{"line":12,"column":15}},{"start":{"line":12,"column":9},"end":{"line":12,"column":14}}]}},"s":{"0":1,"1":1,"2":1,"3":1,"4":1,"5":1,"6":1,"7":1,"8":1,"9":1,"10":1,"11":1,"12":1,"13":1,"14":1,"15":1},"f":{"0":1,"1":1},"b":{"0":[1,0],"1":[1,1],"2":[1,0],"3":[1,1]}}
,"/home/kamal-seriki/Desktop/projects/backend/event-ticket-booking/src/entity/Ticket.ts": {"path":"/home/kamal-seriki/Desktop/projects/backend/event-ticket-booking/src/entity/Ticket.ts","statementMap":{"0":{"start":{"line":1,"column":0},"end":{"line":1,"column":64}},"1":{"start":{"line":2,"column":0},"end":{"line":2,"column":32}},"2":{"start":{"line":3,"column":0},"end":{"line":3,"column":30}},"3":{"start":{"line":4,"column":0},"end":{"line":4,"column":40}},"4":{"start":{"line":7,"column":7},"end":{"line":15,"column":null}},"5":{"start":{"line":7,"column":13},"end":{"line":7,"column":19}},"6":{"start":{"line":10,"column":2},"end":{"line":10,"column":null}},"7":{"start":{"line":8,"column":19},"end":{"line":8,"column":23}},"8":{"start":{"line":8,"column":35},"end":{"line":8,"column":47}},"9":{"start":{"line":14,"column":2},"end":{"line":14,"column":null}},"10":{"start":{"line":12,"column":19},"end":{"line":12,"column":24}},"11":{"start":{"line":12,"column":37},"end":{"line":12,"column":50}},"12":{"start":{"line":7,"column":13},"end":{"line":15,"column":null}}},"fnMap":{"0":{"name":"(anonymous_2)","decl":{"start":{"line":8,"column":13},"end":{"line":8,"column":16}},"loc":{"start":{"line":8,"column":19},"end":{"line":8,"column":23}}},"1":{"name":"(anonymous_3)","decl":{"start":{"line":8,"column":25},"end":{"line":8,"column":26}},"loc":{"start":{"line":8,"column":35},"end":{"line":8,"column":47}}},"2":{"name":"(anonymous_4)","decl":{"start":{"line":12,"column":13},"end":{"line":12,"column":16}},"loc":{"start":{"line":12,"column":19},"end":{"line":12,"column":24}}},"3":{"name":"(anonymous_5)","decl":{"start":{"line":12,"column":26},"end":{"line":12,"column":27}},"loc":{"start":{"line":12,"column":37},"end":{"line":12,"column":50}}}},"branchMap":{"0":{"loc":{"start":{"line":10,"column":8},"end":{"line":10,"column":13}},"type":"cond-expr","locations":[{"start":{"line":10,"column":12},"end":{"line":10,"column":13}},{"start":{"line":10,"column":12},"end":{"line":10,"column":13}}]},"1":{"loc":{"start":{"line":10,"column":8},"end":{"line":10,"column":12}},"type":"binary-expr","locations":[{"start":{"line":10,"column":8},"end":{"line":10,"column":13}},{"start":{"line":10,"column":8},"end":{"line":10,"column":12}}]},"2":{"loc":{"start":{"line":14,"column":9},"end":{"line":14,"column":15}},"type":"cond-expr","locations":[{"start":{"line":14,"column":14},"end":{"line":14,"column":15}},{"start":{"line":14,"column":14},"end":{"line":14,"column":15}}]},"3":{"loc":{"start":{"line":14,"column":9},"end":{"line":14,"column":14}},"type":"binary-expr","locations":[{"start":{"line":14,"column":9},"end":{"line":14,"column":15}},{"start":{"line":14,"column":9},"end":{"line":14,"column":14}}]}},"s":{"0":1,"1":1,"2":1,"3":1,"4":1,"5":1,"6":1,"7":1,"8":1,"9":1,"10":1,"11":1,"12":1},"f":{"0":1,"1":1,"2":1,"3":1},"b":{"0":[0,1],"1":[1,0],"2":[1,0],"3":[1,1]}}
,"/home/kamal-seriki/Desktop/projects/backend/event-ticket-booking/src/entity/User.ts": {"path":"/home/kamal-seriki/Desktop/projects/backend/event-ticket-booking/src/entity/User.ts","statementMap":{"0":{"start":{"line":1,"column":0},"end":{"line":1,"column":45}},"1":{"start":{"line":2,"column":0},"end":{"line":2,"column":51}},"2":{"start":{"line":3,"column":0},"end":{"line":3,"column":40}},"3":{"start":{"line":4,"column":0},"end":{"line":4,"column":34}},"4":{"start":{"line":5,"column":0},"end":{"line":5,"column":44}},"5":{"start":{"line":7,"column":0},"end":{"line":7,"column":null}},"6":{"start":{"line":8,"column":2},"end":{"line":8,"column":null}},"7":{"start":{"line":9,"column":2},"end":{"line":9,"column":null}},"8":{"start":{"line":13,"column":7},"end":{"line":54,"column":null}},"9":{"start":{"line":13,"column":13},"end":{"line":13,"column":17}},"10":{"start":{"line":16,"column":2},"end":{"line":16,"column":null}},"11":{"start":{"line":20,"column":2},"end":{"line":20,"column":null}},"12":{"start":{"line":24,"column":2},"end":{"line":24,"column":null}},"13":{"start":{"line":28,"column":2},"end":{"line":28,"column":null}},"14":{"start":{"line":31,"column":2},"end":{"line":31,"column":null}},"15":{"start":{"line":35,"column":2},"end":{"line":35,"column":null}},"16":{"start":{"line":38,"column":2},"end":{"line":38,"column":null}},"17":{"start":{"line":41,"column":2},"end":{"line":41,"column":null}},"18":{"start":{"line":44,"column":2},"end":{"line":44,"column":null}},"19":{"start":{"line":47,"column":2},"end":{"line":47,"column":null}},"20":{"start":{"line":50,"column":2},"end":{"line":50,"column":null}},"21":{"start":{"line":49,"column":19},"end":{"line":49,"column":25}},"22":{"start":{"line":49,"column":39},"end":{"line":49,"column":50}},"23":{"start":{"line":53,"column":2},"end":{"line":53,"column":null}},"24":{"start":{"line":52,"column":19},"end":{"line":52,"column":30}},"25":{"start":{"line":52,"column":49},"end":{"line":52,"column":65}},"26":{"start":{"line":13,"column":13},"end":{"line":54,"column":null}}},"fnMap":{"0":{"name":"(anonymous_2)","decl":{"start":{"line":7,"column":0},"end":{"line":7,"column":12}},"loc":{"start":{"line":7,"column":20},"end":{"line":10,"column":1}}},"1":{"name":"(anonymous_3)","decl":{"start":{"line":49,"column":13},"end":{"line":49,"column":16}},"loc":{"start":{"line":49,"column":19},"end":{"line":49,"column":25}}},"2":{"name":"(anonymous_4)","decl":{"start":{"line":49,"column":27},"end":{"line":49,"column":28}},"loc":{"start":{"line":49,"column":39},"end":{"line":49,"column":50}}},"3":{"name":"(anonymous_5)","decl":{"start":{"line":52,"column":13},"end":{"line":52,"column":16}},"loc":{"start":{"line":52,"column":19},"end":{"line":52,"column":30}}},"4":{"name":"(anonymous_6)","decl":{"start":{"line":52,"column":32},"end":{"line":52,"column":33}},"loc":{"start":{"line":52,"column":49},"end":{"line":52,"column":65}}}},"branchMap":{"0":{"loc":{"start":{"line":7,"column":12},"end":{"line":7,"column":null}},"type":"binary-expr","locations":[{"start":{"line":7,"column":12},"end":{"line":7,"column":20}},{"start":{"line":7,"column":20},"end":{"line":7,"column":null}}]}},"s":{"0":1,"1":1,"2":1,"3":1,"4":1,"5":1,"6":1,"7":1,"8":1,"9":1,"10":1,"11":1,"12":1,"13":1,"14":1,"15":1,"16":1,"17":1,"18":1,"19":1,"20":1,"21":1,"22":1,"23":1,"24":1,"25":1,"26":1},"f":{"0":1,"1":1,"2":1,"3":1,"4":1},"b":{"0":[1,1]}}
[...]
d":{"line":267,"column":61}},"105":{"start":{"line":268,"column":8},"end":{"line":268,"column":76}},"106":{"start":{"line":272,"column":51},"end":{"line":272,"column":55}},"107":{"start":{"line":272,"column":46},"end":{"line":272,"column":51}},"108":{"start":{"line":274,"column":6},"end":{"line":274,"column":63}},"109":{"start":{"line":275,"column":6},"end":{"line":275,"column":70}},"110":{"start":{"line":277,"column":6},"end":{"line":277,"column":74}},"111":{"start":{"line":278,"column":6},"end":{"line":278,"column":30}},"112":{"start":{"line":283,"column":4},"end":{"line":291,"column":5}},"113":{"start":{"line":284,"column":29},"end":{"line":284,"column":47}},"114":{"start":{"line":285,"column":20},"end":{"line":285,"column":47}},"115":{"start":{"line":286,"column":6},"end":{"line":286,"column":54}},"116":{"start":{"line":287,"column":6},"end":{"line":287,"column":56}},"117":{"start":{"line":289,"column":6},"end":{"line":289,"column":65}},"118":{"start":{"line":290,"column":6},"end":{"line":290,"column":30}},"119":{"start":{"line":295,"column":4},"end":{"line":311,"column":5}},"120":{"start":{"line":296,"column":29},"end":{"line":296,"column":47}},"121":{"start":{"line":297,"column":24},"end":{"line":297,"column":80}},"122":{"start":{"line":298,"column":6},"end":{"line":301,"column":7}},"123":{"start":{"line":299,"column":8},"end":{"line":299,"column":69}},"124":{"start":{"line":300,"column":8},"end":{"line":300,"column":76}},"125":{"start":{"line":304,"column":6},"end":{"line":304,"column":36}},"126":{"start":{"line":305,"column":6},"end":{"line":305,"column":43}},"127":{"start":{"line":306,"column":6},"end":{"line":306,"column":66}},"128":{"start":{"line":307,"column":6},"end":{"line":307,"column":78}},"129":{"start":{"line":309,"column":6},"end":{"line":309,"column":77}},"130":{"start":{"line":310,"column":6},"end":{"line":310,"column":30}},"131":{"start":{"line":315,"column":4},"end":{"line":328,"column":5}},"132":{"start":{"line":316,"column":29},"end":{"line":316,"column":47}},"133":{"start":{"line":317,"column":19},"end":{"line":317,"column":66}},"134":{"start":{"line":318,"column":6},"end":{"line":321,"column":7}},"135":{"start":{"line":319,"column":8},"end":{"line":319,"column":64}},"136":{"start":{"line":320,"column":8},"end":{"line":320,"column":76}},"137":{"start":{"line":322,"column":6},"end":{"line":322,"column":38}},"138":{"start":{"line":323,"column":6},"end":{"line":323,"column":61}},"139":{"start":{"line":324,"column":6},"end":{"line":324,"column":78}},"140":{"start":{"line":326,"column":6},"end":{"line":326,"column":72}},"141":{"start":{"line":327,"column":6},"end":{"line":327,"column":30}},"142":{"start":{"line":332,"column":4},"end":{"line":365,"column":5}},"143":{"start":{"line":333,"column":31},"end":{"line":333,"column":49}},"144":{"start":{"line":334,"column":21},"end":{"line":334,"column":62}},"145":{"start":{"line":335,"column":8},"end":{"line":338,"column":9}},"146":{"start":{"line":336,"column":12},"end":{"line":336,"column":85}},"147":{"start":{"line":337,"column":12},"end":{"line":337,"column":80}},"148":{"start":{"line":340,"column":27},"end":{"line":340,"column":35}},"149":{"start":{"line":341,"column":33},"end":{"line":341,"column":63}},"150":{"start":{"line":343,"column":8},"end":{"line":343,"column":37}},"151":{"start":{"line":344,"column":8},"end":{"line":344,"column":49}},"152":{"start":{"line":345,"column":8},"end":{"line":345,"column":40}},"153":{"start":{"line":347,"column":26},"end":{"line":347,"column":90}},"154":{"start":{"line":349,"column":8},"end":{"line":357,"column":11}},"155":{"start":{"line":359,"column":8},"end":{"line":359,"column":66}},"156":{"start":{"line":361,"column":8},"end":{"line":361,"column":93}},"157":{"start":{"line":363,"column":8},"end":{"line":363,"column":87}},"158":{"start":{"line":364,"column":8},"end":{"line":364,"column":32}},"159":{"start":{"line":369,"column":4},"end":{"line":407,"column":5}},"160":{"start":{"line":370,"column":29},"end":{"line":370,"column":47}},"161":{"start":{"line":371,"column":19},"end":{"line":373,"column":8}},"162":{"start":{"line":375,"column":6},"end":{"line":378,"column":7}},"163":{"start":{"line":376,"column":8},"end":{"line":376,"column":77}},"164":{"start":{"line":377,"column":8},"end":{"line":377,"column":88}},"165":{"start":{"line":380,"column":29},"end":{"line":380,"column":79}},"166":{"start":{"line":381,"column":6},"end":{"line":387,"column":7}},"167":{"start":{"line":382,"column":8},"end":{"line":382,"column":118}},"168":{"start":{"line":383,"column":8},"end":{"line":386,"column":10}},"169":{"start":{"line":389,"column":29},"end":{"line":389,"column":65}},"170":{"start":{"line":390,"column":6},"end":{"line":390,"column":37}},"171":{"start":{"line":391,"column":6},"end":{"line":391,"column":29}},"172":{"start":{"line":392,"column":6},"end":{"line":392,"column":35}},"173":{"start":{"line":393,"column":6},"end":{"line":393,"column":38}},"174":{"start":{"line":396,"column":6},"end":{"line":400,"column":9}},"175":{"start":{"line":401,"column":6},"end":{"line":401,"column":72}},"176":{"start":{"line":403,"column":6},"end":{"line":403,"column":80}},"177":{"start":{"line":405,"column":6},"end":{"line":405,"column":63}},"178":{"start":{"line":406,"column":6},"end":{"line":406,"column":30}},"179":{"start":{"line":38,"column":0},"end":{"line":38,"column":13}}},"fnMap":{"0":{"name":"(anonymous_9)","decl":{"start":{"line":42,"column":10},"end":{"line":42,"column":21}},"loc":{"start":{"line":42,"column":21},"end":{"line":44,"column":3}}},"1":{"name":"(anonymous_10)","decl":{"start":{"line":46,"column":10},"end":{"line":46,"column":20}},"loc":{"start":{"line":46,"column":20},"end":{"line":48,"column":3}}},"2":{"name":"(anonymous_11)","decl":{"start":{"line":54,"column":8},"end":{"line":54,"column":13}},"loc":{"start":{"line":54,"column":26},"end":{"line":95,"column":null}}},"3":{"name":"(anonymous_13)","decl":{"start":{"line":97,"column":8},"end":{"line":97,"column":18}},"loc":{"start":{"line":97,"column":36},"end":{"line":140,"column":null}}},"4":{"name":"(anonymous_15)","decl":{"start":{"line":142,"column":8},"end":{"line":142,"column":17}},"loc":{"start":{"line":142,"column":34},"end":{"line":199,"column":null}}},"5":{"name":"(anonymous_17)","decl":{"start":{"line":201,"column":8},"end":{"line":201,"column":17}},"loc":{"start":{"line":201,"column":31},"end":{"line":260,"column":null}}},"6":{"name":"(anonymous_19)","decl":{"start":{"line":262,"column":8},"end":{"line":262,"column":15}},"loc":{"start":{"line":262,"column":26},"end":{"line":280,"column":null}}},"7":{"name":"(anonymous_21)","decl":{"start":{"line":282,"column":8},"end":{"line":282,"column":19}},"loc":{"start":{"line":282,"column":19},"end":{"line":292,"column":null}}},"8":{"name":"(anonymous_23)","decl":{"start":{"line":294,"column":8},"end":{"line":294,"column":18}},"loc":{"start":{"line":294,"column":35},"end":{"line":312,"column":null}}},"9":{"name":"(anonymous_25)","decl":{"start":{"line":314,"column":8},"end":{"line":314,"column":18}},"loc":{"start":{"line":314,"column":29},"end":{"line":329,"column":null}}},"10":{"name":"(anonymous_27)","decl":{"start":{"line":331,"column":8},"end":{"line":331,"column":29}},"loc":{"start":{"line":331,"column":43},"end":{"line":366,"column":null}}},"11":{"name":"(anonymous_29)","decl":{"start":{"line":368,"column":8},"end":{"line":368,"column":21}},"loc":{"start":{"line":368,"column":42},"end":{"line":408,"column":null}}}},"branchMap":{"0":{"loc":{"start":{"line":58,"column":6},"end":{"line":66,"column":7}},"type":"if","locations":[{"start":{"line":58,"column":6},"end":{"line":66,"column":7}}]},"1":{"loc":{"start":{"line":69,"column":6},"end":{"line":77,"column":7}},"type":"if","locations":[{"start":{"line":69,"column":6},"end":{"line":77,"column":7}}]},"2":{"loc":{"start":{"line":135,"column":6},"end":{"line":137,"column":7}},"type":"if","locations":[{"start":{"line":135,"column":6},"end":{"line":137,"column":7}}]},"3":{"loc":{"start":{"line":148,"column":6},"end":{"line":151,"column":7}},"type":"if","locations":[{"start":{"line":148,"column":6},"end":{"line":151,"column":7}}]},"4":{"loc":{"start":{"line":153,"column":6},"end":{"line":156,"column":7}},"type":"if","locations":[{"start":{"line":153,"column":6},"end":{"line":156,"column":7}}]},"5":{"loc":{"start":{"line":166,"column":6},"end":{"line":169,"column":7}},"type":"if","locations":[{"start":{"line":166,"column":6},"end":{"line":169,"column":7}}]},"6":{"loc":{"start":{"line":171,"column":6},"end":{"line":174,"column":7}},"type":"if","locations":[{"start":{"line":171,"column":6},"end":{"line":174,"column":7}}]},"7":{"loc":{"start":{"line":208,"column":6},"end":{"line":211,"column":7}},"type":"if","locations":[{"start":{"line":208,"column":6},"end":{"line":211,"column":7}}]},"8":{"loc":{"start":{"line":214,"column":6},"end":{"line":217,"column":7}},"type":"if","locations":[{"start":{"line":214,"column":6},"end":{"line":217,"column":7}}]},"9":{"loc":{"start":{"line":229,"column":6},"end":{"line":232,"column":7}},"type":"if","locations":[{"start":{"line":229,"column":6},"end":{"line":232,"column":7}}]},"10":{"loc":{"start":{"line":266,"column":6},"end":{"line":269,"column":7}},"type":"if","locations":[{"start":{"line":266,"column":6},"end":{"line":269,"column":7}}]},"11":{"loc":{"start":{"line":298,"column":6},"end":{"line":301,"column":7}},"type":"if","locations":[{"start":{"line":298,"column":6},"end":{"line":301,"column":7}}]},"12":{"loc":{"start":{"line":318,"column":6},"end":{"line":321,"column":7}},"type":"if","locations":[{"start":{"line":318,"column":6},"end":{"line":321,"column":7}}]},"13":{"loc":{"start":{"line":335,"column":8},"end":{"line":338,"column":9}},"type":"if","locations":[{"start":{"line":335,"column":8},"end":{"line":338,"column":9}}]},"14":{"loc":{"start":{"line":354,"column":27},"end":{"line":354,"column":50}},"type":"binary-expr","locations":[{"start":{"line":354,"column":27},"end":{"line":354,"column":40}},{"start":{"line":354,"column":44},"end":{"line":354,"column":50}}]},"15":{"loc":{"start":{"line":375,"column":6},"end":{"line":378,"column":7}},"type":"if","locations":[{"start":{"line":375,"column":6},"end":{"line":378,"column":7}}]},"16":{"loc":{"start":{"line":381,"column":6},"end":{"line":387,"column":7}},"type":"if","locations":[{"start":{"line":381,"column":6},"end":{"line":387,"column":7}}]}},"s":{"0":1,"1":1,"2":1,"3":1,"4":1,"5":1,"6":1,"7":1,"8":1,"9":1,"10":1,"11":1,"12":1,"13":1,"14":3,"15":0,"16":2,"17":2,"18":2,"19":0,"20":0,"21":0,"22":0,"23":0,"24":0,"25":0,"26":0,"27":0,"28":0,"29":2,"30":2,"31":1,"32":1,"33":1,"34":1,"35":1,"36":0,"37":0,"38":0,"39":0,"40":0,"41":0,"42":0,"43":0,"44":0,"45":0,"46":1,"47":1,"48":0,"49":1,"50":0,"51":0,"52":0,"53":0,"54":0,"55":0,"56":0,"57":0,"58":0,"59":0,"60":0,"61":0,"62":0,"63":0,"64":0,"65":0,"66":0,"67":0,"68":0,"69":0,"70":0,"71":0,"72":0,"73":0,"74":0,"75":0,"76":0,"77":0,"78":0,"79":0,"80":0,"81":0,"82":0,"83":0,"84":0,"85":0,"86":0,"87":0,"88":0,"89":0,"90":0,"91":0,"92":0,"93":0,"94":0,"95":0,"96":0,"97":0,"98":0,"99":0,"100":0,"101":0,"102":0,"103":0,"104":0,"105":0,"106":0,"107":0,"108":0,"109":0,"110":0,"111":0,"112":0,"113":0,"114":0,"115":0,"116":0,"117":0,"118":0,"119":0,"120":0,"121":0,"122":0,"123":0,"124":0,"125":0,"126":0,"127":0,"128":0,"129":0,"130":0,"131":0,"132":0,"133":0,"134":0,"135":0,"136":0,"137":0,"138":0,"139":0,"140":0,"141":0,"142":0,"143":0,"144":0,"145":0,"146":0,"147":0,"148":0,"149":0,"150":0,"151":0,"152":0,"153":0,"154":0,"155":0,"156":0,"157":0,"158":0,"159":0,"160":0,"161":0,"162":0,"163":0,"164":0,"165":0,"166":0,"167":0,"168":0,"169":0,"170":0,"171":0,"172":0,"173":0,"174":0,"175":0,"176":0,"177":0,"178":0,"179":1},"f":{"0":3,"1":0,"2":2,"3":1,"4":0,"5":0,"6":0,"7":0,"8":0,"9":0,"10":0,"11":0},"b":{"0":[0],"1":[0],"2":[0],"3":[0],"4":[0],"5":[0],"6":[0],"7":[0],"8":[0],"9":[0],"10":[0],"11":[0],"12":[0],"13":[0],"14":[0,0],"15":[0],"16":[0]}}
,"/home/kamal-seriki/Desktop/projects/backend/event-ticket-booking/src/service/MessagingService/Index.ts": {"path":"/home/kamal-seriki/Desktop/projects/backend/event-ticket-booking/src/service/MessagingService/Index.ts","statementMap":{"0":{"start":{"line":2,"column":0},"end":{"line":2,"column":47}},"1":{"start":{"line":5,"column":24},"end":{"line":9,"column":4}},"2":{"start":{"line":5,"column":44},"end":{"line":9,"column":4}},"3":{"start":{"line":6,"column":4},"end":{"line":6,"column":52}},"4":{"start":{"line":7,"column":4},"end":{"line":7,"column":27}},"5":{"start":{"line":11,"column":2},"end":{"line":11,"column":33}}},"fnMap":{"0":{"name":"(anonymous_7)","decl":{"start":{"line":5,"column":24},"end":{"line":5,"column":30}},"loc":{"start":{"line":5,"column":44},"end":{"line":9,"column":4}}},"1":{"name":"(anonymous_8)","decl":{"start":{"line":5,"column":44},"end":{"line":5,"column":null}},"loc":{"start":{"line":5,"column":44},"end":{"line":9,"column":3}}}},"branchMap":{},"s":{"0":1,"1":1,"2":0,"3":0,"4":0,"5":1},"f":{"0":0,"1":0},"b":{}}
,"/home/kamal-seriki/Desktop/projects/backend/event-ticket-booking/src/service/MessagingService/messaging.ts": {"path":"/home/kamal-seriki/Desktop/projects/backend/event-ticket-booking/src/service/MessagingService/messaging.ts","statementMap":{"0":{"start":{"line":4,"column":20},"end":{"line":6,"column":2}},"1":{"start":{"line":4,"column":59},"end":{"line":6,"column":2}},"2":{"start":{"line":5,"column":2},"end":{"line":5,"column":75}},"3":{"start":{"line":8,"column":0},"end":{"line":8,"column":27}}},"fnMap":{"0":{"name":"(anonymous_7)","decl":{"start":{"line":4,"column":20},"end":{"line":4,"column":27}},"loc":{"start":{"line":4,"column":59},"end":{"line":6,"column":2}}},"1":{"name":"(anonymous_8)","decl":{"start":{"line":4,"column":59},"end":{"line":4,"column":null}},"loc":{"start":{"line":4,"column":59},"end":{"line":6,"column":1}}}},"branchMap":{},"s":{"0":1,"1":0,"2":0,"3":1},"f":{"0":0,"1":0},"b":{}}
,"/home/kamal-seriki/Desktop/projects/backend/event-ticket-booking/src/service/MessagingService/notifications.ts": {"path":"/home/kamal-seriki/Desktop/projects/backend/event-ticket-booking/src/service/MessagingService/notifications.ts","statementMap":{"0":{"start":{"line":5,"column":28},"end":{"line":19,"column":1}},"1":{"start":{"line":6,"column":2},"end":{"line":6,"column":50}},"2":{"start":{"line":8,"column":2},"end":{"line":10,"column":12}},"3":{"start":{"line":9,"column":4},"end":{"line":9,"column":56}},"4":{"start":{"line":12,"column":2},"end":{"line":18,"column":5}},"5":{"start":{"line":13,"column":4},"end":{"line":13,"column":48}},"6":{"start":{"line":15,"column":4},"end":{"line":17,"column":7}},"7":{"start":{"line":16,"column":6},"end":{"line":16,"column":38}},"8":{"start":{"line":5,"column":13},"end":{"line":5,"column":28}},"9":{"start":{"line":21,"column":36},"end":{"line":23,"column":1}},"10":{"start":{"line":22,"column":2},"end":{"line":22,"column":28}},"11":{"start":{"line":21,"column":13},"end":{"line":21,"column":36}}},"fnMap":{"0":{"name":"(anonymous_0)","decl":{"start":{"line":5,"column":28},"end":{"line":5,"column":29}},"loc":{"start":{"line":5,"column":43},"end":{"line":19,"column":1}}},"1":{"name":"(anonymous_1)","decl":{"start":{"line":8,"column":27},"end":{"line":8,"column":30}},"loc":{"start":{"line":8,"column":32},"end":{"line":10,"column":3}}},"2":{"name":"(anonymous_2)","decl":{"start":{"line":12,"column":22},"end":{"line":12,"column":23}},"loc":{"start":{"line":12,"column":33},"end":{"line":18,"column":3}}},"3":{"name":"(anonymous_3)","decl":{"start":{"line":15,"column":28},"end":{"line":15,"column":31}},"loc":{"start":{"line":15,"column":33},"end":{"line":17,"column":5}}},"4":{"name":"(anonymous_4)","decl":{"start":{"line":21,"column":36},"end":{"line":21,"column":39}},"loc":{"start":{"line":21,"column":41},"end":{"line":23,"column":1}}}},"branchMap":{},"s":{"0":1,"1":0,"2":0,"3":0,"4":0,"5":0,"6":0,"7":0,"8":1,"9":1,"10":0,"11":1},"f":{"0":0,"1":0,"2":0,"3":0,"4":0},"b":{}}
,"/home/kamal-seriki/Desktop/projects/backend/event-ticket-booking/src/utils/authUtils.ts": {"path":"/home/kamal-seriki/Desktop/projects/backend/event-ticket-booking/src/utils/authUtils.ts","statementMap":{"0":{"start":{"line":4,"column":36},"end":{"line":6,"column":1}},"1":{"start":{"line":5,"column":2},"end":{"line":5,"column":26}},"2":{"start":{"line":4,"column":13},"end":{"line":4,"column":36}}},"fnMap":{"0":{"name":"(anonymous_0)","decl":{"start":{"line":4,"column":36},"end":{"line":4,"column":37}},"loc":{"start":{"line":4,"column":72},"end":{"line":6,"column":1}}}},"branchMap":{"0":{"loc":{"start":{"line":5,"column":9},"end":{"line":5,"column":25}},"type":"binary-expr","locations":[{"start":{"line":5,"column":9},"end":{"line":5,"column":17}},{"start":{"line":5,"column":21},"end":{"line":5,"column":25}}]}},"s":{"0":1,"1":0,"2":1},"f":{"0":0},"b":{"0":[0,0]}}
,"/home/kamal-seriki/Desktop/projects/backend/event-ticket-booking/src/utils/otpGenerator.ts": {"path":"/home/kamal-seriki/Desktop/projects/backend/event-ticket-booking/src/utils/otpGenerator.ts","statementMap":{"0":{"start":{"line":2,"column":19},"end":{"line":2,"column":31}},"1":{"start":{"line":3,"column":14},"end":{"line":3,"column":16}},"2":{"start":{"line":4,"column":4},"end":{"line":6,"column":5}},"3":{"start":{"line":4,"column":17},"end":{"line":4,"column":18}},"4":{"start":{"line":5,"column":8},"end":{"line":5,"column":54}},"5":{"start":{"line":7,"column":4},"end":{"line":7,"column":15}},"6":{"start":{"line":10,"column":0},"end":{"line":10,"column":27}}},"fnMap":{"0":{"name":"generateOtp","decl":{"start":{"line":1,"column":9},"end":{"line":1,"column":20}},"loc":{"start":{"line":1,"column":39},"end":{"line":8,"column":1}}}},"branchMap":{"0":{"loc":{"start":{"line":1,"column":21},"end":{"line":1,"column":39}},"type":"default-arg","locations":[{"start":{"line":1,"column":38},"end":{"line":1,"column":39}}]}},"s":{"0":0,"1":0,"2":0,"3":0,"4":0,"5":0,"6":1},"f":{"0":0},"b":{"0":[0]}}
,"/home/kamal-seriki/Desktop/projects/backend/event-ticket-booking/src/utils/serviceUtils.ts": {"path":"/home/kamal-seriki/Desktop/projects/backend/event-ticket-booking/src/utils/serviceUtils.ts","statementMap":{"0":{"start":{"line":1,"column":0},"end":{"line":1,"column":48}},"1":{"start":{"line":4,"column":27},"end":{"line":9,"column":1}},"2":{"start":{"line":5,"column":4},"end":{"line":8,"column":6}},"3":{"start":{"line":4,"column":13},"end":{"line":4,"column":27}},"4":{"start":{"line":12,"column":28},"end":{"line":24,"column":1}},"5":{"start":{"line":13,"column":4},"end":{"line":22,"column":7}},"6":{"start":{"line":14,"column":25},"end":{"line":14,"column":39}},"7":{"start":{"line":15,"column":8},"end":{"line":21,"column":9}},"8":{"start":{"line":20,"column":12},"end":{"line":20,"column":47}},"9":{"start":{"line":23,"column":4},"end":{"line":23,"column":18}},"10":{"start":{"line":12,"column":13},"end":{"line":12,"column":28}}},"fnMap":{"0":{"name":"(anonymous_0)","decl":{"start":{"line":4,"column":27},"end":{"line":4,"column":28}},"loc":{"start":{"line":4,"column":40},"end":{"line":9,"column":1}}},"1":{"name":"(anonymous_1)","decl":{"start":{"line":12,"column":28},"end":{"line":12,"column":32}},"loc":{"start":{"line":12,"column":66},"end":{"line":24,"column":1}}},"2":{"name":"(anonymous_2)","decl":{"start":{"line":13,"column":30},"end":{"line":13,"column":31}},"loc":{"start":{"line":13,"column":38},"end":{"line":22,"column":5}}}},"branchMap":{"0":{"loc":{"start":{"line":15,"column":8},"end":{"line":21,"column":9}},"type":"if","locations":[{"start":{"line":15,"column":8},"end":{"line":21,"column":9}}]},"1":{"loc":{"start":{"line":16,"column":12},"end":{"line":18,"column":33}},"type":"binary-expr","locations":[{"start":{"line":16,"column":12},"end":{"line":16,"column":40}},{"start":{"line":17,"column":12},"end":{"line":17,"column":35}},{"start":{"line":18,"column":12},"end":{"line":18,"column":33}}]}},"s":{"0":1,"1":1,"2":3,"3":1,"4":1,"5":0,"6":0,"7":0,"8":0,"9":0,"10":1},"f":{"0":3,"1":0,"2":0},"b":{"0":[0],"1":[0,0,0]}}
}
